#-----------------------------------------------------------
# Vivado v2019.1 (64-bit)
# SW Build 2552052 on Fri May 24 14:49:42 MDT 2019
# IP Build 2548770 on Fri May 24 18:01:18 MDT 2019
# Start of session at: Tue May 19 19:13:30 2020
# Process ID: 19436
# Current directory: C:/Users/Lucifer.dark/Desktop/Lab04
# Command line: vivado.exe -gui_launcher_event rodinguilauncherevent8648 C:\Users\Lucifer.dark\Desktop\Lab04\Lab04.xpr
# Log file: C:/Users/Lucifer.dark/Desktop/Lab04/vivado.log
# Journal file: C:/Users/Lucifer.dark/Desktop/Lab04\vivado.jou
#-----------------------------------------------------------
start_gui
open_project C:/Users/Lucifer.dark/Desktop/Lab04/Lab04.xpr
Scanning sources...
Finished scanning sources
INFO: [IP_Flow 19-234] Refreshing IP repositories
INFO: [IP_Flow 19-1704] No user IP repositories specified
INFO: [IP_Flow 19-2313] Loaded Vivado IP repository 'C:/Xilinx/Vivado/2019.1/data/ip'.
open_project: Time (s): cpu = 00:00:10 ; elapsed = 00:00:05 . Memory (MB): peak = 747.320 ; gain = 133.102
update_compile_order -fileset sources_1
launch_simulation
INFO: [Vivado 12-5698] Checking validity of IPs in the design for the 'XSim' simulator...
INFO: [Vivado 12-5682] Launching behavioral simulation in 'C:/Users/Lucifer.dark/Desktop/Lab04/Lab04.sim/sim_1/behav/xsim'
INFO: [Vivado 12-4795] Using compiled simulation libraries for IPs
INFO: [SIM-utils-51] Simulation object is 'sim_1'
INFO: [USF-XSim-7] Finding pre-compiled libraries...
INFO: [USF-XSim-11] File 'C:/Xilinx/Vivado/2019.1/data/xsim/xsim.ini' copied to run dir:'C:/Users/Lucifer.dark/Desktop/Lab04/Lab04.sim/sim_1/behav/xsim'
INFO: [SIM-utils-54] Inspecting design source files for 'DBU_test' in fileset 'sim_1'...
INFO: [SIM-utils-43] Exported 'C:/Users/Lucifer.dark/Desktop/Lab04/Lab04.sim/sim_1/behav/xsim/Mem.mif'
INFO: [SIM-utils-43] Exported 'C:/Users/Lucifer.dark/Desktop/Lab04/Lab04.sim/sim_1/behav/xsim/ip.coe'
INFO: [USF-XSim-97] Finding global include files...
INFO: [USF-XSim-98] Fetching design files from 'sim_1'...
INFO: [USF-XSim-2] XSim::Compile design
INFO: [USF-XSim-61] Executing 'COMPILE and ANALYZE' step in 'C:/Users/Lucifer.dark/Desktop/Lab04/Lab04.sim/sim_1/behav/xsim'
"xvlog --incr --relax -prj DBU_test_vlog.prj"
INFO: [USF-XSim-69] 'compile' step finished in '1' seconds
INFO: [USF-XSim-3] XSim::Elaborate design
INFO: [USF-XSim-61] Executing 'ELABORATE' step in 'C:/Users/Lucifer.dark/Desktop/Lab04/Lab04.sim/sim_1/behav/xsim'
"xelab -wto 04958e1f2afc43b293dce69956b831f8 --incr --debug typical --relax --mt 2 -L dist_mem_gen_v8_0_13 -L xil_defaultlib -L unisims_ver -L unimacro_ver -L secureip -L xpm --snapshot DBU_test_behav xil_defaultlib.DBU_test xil_defaultlib.glbl -log elaborate.log"
Vivado Simulator 2019.1
Copyright 1986-1999, 2001-2019 Xilinx, Inc. All Rights Reserved.
Running: C:/Xilinx/Vivado/2019.1/bin/unwrapped/win64.o/xelab.exe -wto 04958e1f2afc43b293dce69956b831f8 --incr --debug typical --relax --mt 2 -L dist_mem_gen_v8_0_13 -L xil_defaultlib -L unisims_ver -L unimacro_ver -L secureip -L xpm --snapshot DBU_test_behav xil_defaultlib.DBU_test xil_defaultlib.glbl -log elaborate.log 
Using 2 slave threads.
Starting static elaboration
WARNING: [VRFC 10-3091] actual bit length 9 differs from formal bit length 32 for port 'a' [C:/Users/Lucifer.dark/Desktop/Lab04/Lab04.srcs/sources_1/new/CPU.v:97]
WARNING: [VRFC 10-3091] actual bit length 5 differs from formal bit length 32 for port 'a' [C:/Users/Lucifer.dark/Desktop/Lab04/Lab04.srcs/sources_1/new/CPU.v:98]
Completed static elaboration
INFO: [XSIM 43-4323] No Change in HDL. Linking previously generated obj files to create kernel
INFO: [USF-XSim-69] 'elaborate' step finished in '2' seconds
INFO: [USF-XSim-4] XSim::Simulate design
INFO: [USF-XSim-61] Executing 'SIMULATE' step in 'C:/Users/Lucifer.dark/Desktop/Lab04/Lab04.sim/sim_1/behav/xsim'
INFO: [USF-XSim-98] *** Running xsim
   with args "DBU_test_behav -key {Behavioral:sim_1:Functional:DBU_test} -tclbatch {DBU_test.tcl} -log {simulate.log}"
INFO: [USF-XSim-8] Loading simulator feature
Vivado Simulator 2019.1
Time resolution is 1 ps
source DBU_test.tcl
# set curr_wave [current_wave_config]
# if { [string length $curr_wave] == 0 } {
#   if { [llength [get_objects]] > 0} {
#     add_wave /
#     set_property needs_save false [current_wave_config]
#   } else {
#      send_msg_id Add_Wave-1 WARNING "No top level signals found. Simulator will start without a wave window. If you want to open a wave window go to 'File->New Waveform Configuration' or type 'create_wave_config' in the TCL console."
#   }
# }
# run 1000ns
WARNING: This core is supplied with a behavioral model. To model cycle-accurate behavior you must run timing simulation.
$finish called at time : 292 ns : File "C:/Users/Lucifer.dark/Desktop/Lab04/Lab04.srcs/sim_1/new/DBU_test.v" Line 56
INFO: [USF-XSim-96] XSim completed. Design snapshot 'DBU_test_behav' loaded.
INFO: [USF-XSim-97] XSim simulation ran for 1000ns
launch_simulation: Time (s): cpu = 00:00:11 ; elapsed = 00:00:08 . Memory (MB): peak = 774.508 ; gain = 2.488
current_wave_config {Untitled 1}
Untitled 1
add_wave {{/DBU_test/dbu}} 
relaunch_sim
suspend_sim: Time (s): cpu = 00:00:01 ; elapsed = 00:00:08 . Memory (MB): peak = 778.699 ; gain = 0.000
INFO: [Vivado 12-5698] Checking validity of IPs in the design for the 'XSim' simulator...
INFO: [Vivado 12-5682] Launching behavioral simulation in 'C:/Users/Lucifer.dark/Desktop/Lab04/Lab04.sim/sim_1/behav/xsim'
INFO: [Vivado 12-4795] Using compiled simulation libraries for IPs
INFO: [SIM-utils-51] Simulation object is 'sim_1'
INFO: [USF-XSim-7] Finding pre-compiled libraries...
INFO: [USF-XSim-11] File 'C:/Xilinx/Vivado/2019.1/data/xsim/xsim.ini' copied to run dir:'C:/Users/Lucifer.dark/Desktop/Lab04/Lab04.sim/sim_1/behav/xsim'
INFO: [SIM-utils-54] Inspecting design source files for 'DBU_test' in fileset 'sim_1'...
INFO: [SIM-utils-43] Exported 'C:/Users/Lucifer.dark/Desktop/Lab04/Lab04.sim/sim_1/behav/xsim/Mem.mif'
INFO: [SIM-utils-43] Exported 'C:/Users/Lucifer.dark/Desktop/Lab04/Lab04.sim/sim_1/behav/xsim/ip.coe'
INFO: [USF-XSim-97] Finding global include files...
INFO: [USF-XSim-98] Fetching design files from 'sim_1'...
INFO: [USF-XSim-2] XSim::Compile design
INFO: [USF-XSim-61] Executing 'COMPILE and ANALYZE' step in 'C:/Users/Lucifer.dark/Desktop/Lab04/Lab04.sim/sim_1/behav/xsim'
"xvlog --incr --relax -prj DBU_test_vlog.prj"
INFO: [USF-XSim-69] 'compile' step finished in '1' seconds
INFO: [Vivado 12-5698] Checking validity of IPs in the design for the 'XSim' simulator...
INFO: [Vivado 12-5682] Launching behavioral simulation in 'C:/Users/Lucifer.dark/Desktop/Lab04/Lab04.sim/sim_1/behav/xsim'
INFO: [Vivado 12-4795] Using compiled simulation libraries for IPs
INFO: [USF-XSim-3] XSim::Elaborate design
INFO: [USF-XSim-61] Executing 'ELABORATE' step in 'C:/Users/Lucifer.dark/Desktop/Lab04/Lab04.sim/sim_1/behav/xsim'
"xelab -wto 04958e1f2afc43b293dce69956b831f8 --incr --debug typical --relax --mt 2 -L dist_mem_gen_v8_0_13 -L xil_defaultlib -L unisims_ver -L unimacro_ver -L secureip -L xpm --snapshot DBU_test_behav xil_defaultlib.DBU_test xil_defaultlib.glbl -log elaborate.log"
Vivado Simulator 2019.1
Copyright 1986-1999, 2001-2019 Xilinx, Inc. All Rights Reserved.
Running: C:/Xilinx/Vivado/2019.1/bin/unwrapped/win64.o/xelab.exe -wto 04958e1f2afc43b293dce69956b831f8 --incr --debug typical --relax --mt 2 -L dist_mem_gen_v8_0_13 -L xil_defaultlib -L unisims_ver -L unimacro_ver -L secureip -L xpm --snapshot DBU_test_behav xil_defaultlib.DBU_test xil_defaultlib.glbl -log elaborate.log 
Using 2 slave threads.
Starting static elaboration
WARNING: [VRFC 10-3091] actual bit length 9 differs from formal bit length 32 for port 'a' [C:/Users/Lucifer.dark/Desktop/Lab04/Lab04.srcs/sources_1/new/CPU.v:97]
WARNING: [VRFC 10-3091] actual bit length 5 differs from formal bit length 32 for port 'a' [C:/Users/Lucifer.dark/Desktop/Lab04/Lab04.srcs/sources_1/new/CPU.v:98]
Completed static elaboration
INFO: [XSIM 43-4323] No Change in HDL. Linking previously generated obj files to create kernel
INFO: [USF-XSim-69] 'elaborate' step finished in '1' seconds
Vivado Simulator 2019.1
Time resolution is 1 ps
WARNING: This core is supplied with a behavioral model. To model cycle-accurate behavior you must run timing simulation.
$finish called at time : 292 ns : File "C:/Users/Lucifer.dark/Desktop/Lab04/Lab04.srcs/sim_1/new/DBU_test.v" Line 56
relaunch_sim: Time (s): cpu = 00:00:03 ; elapsed = 00:00:14 . Memory (MB): peak = 778.699 ; gain = 0.000
relaunch_sim
INFO: [Vivado 12-5698] Checking validity of IPs in the design for the 'XSim' simulator...
INFO: [Vivado 12-5682] Launching behavioral simulation in 'C:/Users/Lucifer.dark/Desktop/Lab04/Lab04.sim/sim_1/behav/xsim'
INFO: [Vivado 12-4795] Using compiled simulation libraries for IPs
INFO: [SIM-utils-51] Simulation object is 'sim_1'
INFO: [USF-XSim-7] Finding pre-compiled libraries...
INFO: [USF-XSim-11] File 'C:/Xilinx/Vivado/2019.1/data/xsim/xsim.ini' copied to run dir:'C:/Users/Lucifer.dark/Desktop/Lab04/Lab04.sim/sim_1/behav/xsim'
INFO: [SIM-utils-54] Inspecting design source files for 'DBU_test' in fileset 'sim_1'...
INFO: [SIM-utils-43] Exported 'C:/Users/Lucifer.dark/Desktop/Lab04/Lab04.sim/sim_1/behav/xsim/Mem.mif'
INFO: [SIM-utils-43] Exported 'C:/Users/Lucifer.dark/Desktop/Lab04/Lab04.sim/sim_1/behav/xsim/ip.coe'
INFO: [USF-XSim-97] Finding global include files...
INFO: [USF-XSim-98] Fetching design files from 'sim_1'...
INFO: [USF-XSim-2] XSim::Compile design
INFO: [USF-XSim-61] Executing 'COMPILE and ANALYZE' step in 'C:/Users/Lucifer.dark/Desktop/Lab04/Lab04.sim/sim_1/behav/xsim'
"xvlog --incr --relax -prj DBU_test_vlog.prj"
INFO: [VRFC 10-2263] Analyzing Verilog file "C:/Users/Lucifer.dark/Desktop/Lab04/Lab04.srcs/sources_1/ip/Mem/sim/Mem.v" into library xil_defaultlib
INFO: [VRFC 10-311] analyzing module Mem
INFO: [VRFC 10-2263] Analyzing Verilog file "C:/Users/Lucifer.dark/Desktop/Lab04/Lab04.srcs/sources_1/new/ALU.v" into library xil_defaultlib
INFO: [VRFC 10-311] analyzing module ALU
INFO: [VRFC 10-2263] Analyzing Verilog file "C:/Users/Lucifer.dark/Desktop/Lab04/Lab04.srcs/sources_1/new/ALUControl.v" into library xil_defaultlib
INFO: [VRFC 10-311] analyzing module ALUControl
INFO: [VRFC 10-2263] Analyzing Verilog file "C:/Users/Lucifer.dark/Desktop/Lab04/Lab04.srcs/sources_1/new/CPU.v" into library xil_defaultlib
INFO: [VRFC 10-311] analyzing module CPU
INFO: [VRFC 10-2263] Analyzing Verilog file "C:/Users/Lucifer.dark/Desktop/Lab04/Lab04.srcs/sources_1/new/Control.v" into library xil_defaultlib
INFO: [VRFC 10-311] analyzing module Control
INFO: [VRFC 10-2263] Analyzing Verilog file "C:/Users/Lucifer.dark/Desktop/Lab04/Lab04.srcs/sources_1/new/DBU.v" into library xil_defaultlib
INFO: [VRFC 10-311] analyzing module DBU
INFO: [VRFC 10-2263] Analyzing Verilog file "C:/Users/Lucifer.dark/Desktop/Lab04/Lab04.srcs/sources_1/new/EDG.v" into library xil_defaultlib
INFO: [VRFC 10-311] analyzing module EDG
INFO: [VRFC 10-2263] Analyzing Verilog file "C:/Users/Lucifer.dark/Desktop/Lab04/Lab04.srcs/sources_1/new/Jitter_clr.v" into library xil_defaultlib
INFO: [VRFC 10-311] analyzing module Jitter_clr
INFO: [VRFC 10-2263] Analyzing Verilog file "C:/Users/Lucifer.dark/Desktop/Lab04/Lab04.srcs/sources_1/new/MUX_2.v" into library xil_defaultlib
INFO: [VRFC 10-311] analyzing module MUX_2
INFO: [VRFC 10-2263] Analyzing Verilog file "C:/Users/Lucifer.dark/Desktop/Lab04/Lab04.srcs/sources_1/new/MUX_3.v" into library xil_defaultlib
INFO: [VRFC 10-311] analyzing module MUX_3
INFO: [VRFC 10-2263] Analyzing Verilog file "C:/Users/Lucifer.dark/Desktop/Lab04/Lab04.srcs/sources_1/new/MUX_4.v" into library xil_defaultlib
INFO: [VRFC 10-311] analyzing module MUX_4
INFO: [VRFC 10-2263] Analyzing Verilog file "C:/Users/Lucifer.dark/Desktop/Lab04/Lab04.srcs/sources_1/new/RF.v" into library xil_defaultlib
INFO: [VRFC 10-311] analyzing module RF
INFO: [VRFC 10-2263] Analyzing Verilog file "C:/Users/Lucifer.dark/Desktop/Lab04/Lab04.srcs/sim_1/new/DBU_test.v" into library xil_defaultlib
INFO: [VRFC 10-311] analyzing module DBU_test
INFO: [USF-XSim-69] 'compile' step finished in '2' seconds
INFO: [Vivado 12-5698] Checking validity of IPs in the design for the 'XSim' simulator...
INFO: [Vivado 12-5682] Launching behavioral simulation in 'C:/Users/Lucifer.dark/Desktop/Lab04/Lab04.sim/sim_1/behav/xsim'
INFO: [Vivado 12-4795] Using compiled simulation libraries for IPs
INFO: [USF-XSim-3] XSim::Elaborate design
INFO: [USF-XSim-61] Executing 'ELABORATE' step in 'C:/Users/Lucifer.dark/Desktop/Lab04/Lab04.sim/sim_1/behav/xsim'
"xelab -wto 04958e1f2afc43b293dce69956b831f8 --incr --debug typical --relax --mt 2 -L dist_mem_gen_v8_0_13 -L xil_defaultlib -L unisims_ver -L unimacro_ver -L secureip -L xpm --snapshot DBU_test_behav xil_defaultlib.DBU_test xil_defaultlib.glbl -log elaborate.log"
Vivado Simulator 2019.1
Copyright 1986-1999, 2001-2019 Xilinx, Inc. All Rights Reserved.
Running: C:/Xilinx/Vivado/2019.1/bin/unwrapped/win64.o/xelab.exe -wto 04958e1f2afc43b293dce69956b831f8 --incr --debug typical --relax --mt 2 -L dist_mem_gen_v8_0_13 -L xil_defaultlib -L unisims_ver -L unimacro_ver -L secureip -L xpm --snapshot DBU_test_behav xil_defaultlib.DBU_test xil_defaultlib.glbl -log elaborate.log 
Using 2 slave threads.
Starting static elaboration
WARNING: [VRFC 10-3091] actual bit length 9 differs from formal bit length 32 for port 'a' [C:/Users/Lucifer.dark/Desktop/Lab04/Lab04.srcs/sources_1/new/CPU.v:98]
WARNING: [VRFC 10-3091] actual bit length 5 differs from formal bit length 32 for port 'a' [C:/Users/Lucifer.dark/Desktop/Lab04/Lab04.srcs/sources_1/new/CPU.v:99]
Completed static elaboration
Starting simulation data flow analysis
Completed simulation data flow analysis
Time Resolution for simulation is 1ps
Compiling module xil_defaultlib.Jitter_clr
Compiling module xil_defaultlib.EDG
Compiling module dist_mem_gen_v8_0_13.dist_mem_gen_v8_0_13(C_FAMILY="a...
Compiling module xil_defaultlib.Mem
Compiling module xil_defaultlib.RF
Compiling module xil_defaultlib.ALU
Compiling module xil_defaultlib.Control
Compiling module xil_defaultlib.ALUControl
Compiling module xil_defaultlib.MUX_2
Compiling module xil_defaultlib.MUX_4
Compiling module xil_defaultlib.MUX_3
Compiling module xil_defaultlib.CPU
Compiling module xil_defaultlib.DBU
Compiling module xil_defaultlib.DBU_test
Compiling module xil_defaultlib.glbl
Built simulation snapshot DBU_test_behav

****** Webtalk v2019.1 (64-bit)
  **** SW Build 2552052 on Fri May 24 14:49:42 MDT 2019
  **** IP Build 2548770 on Fri May 24 18:01:18 MDT 2019
    ** Copyright 1986-2019 Xilinx, Inc. All Rights Reserved.

source C:/Users/Lucifer.dark/Desktop/Lab04/Lab04.sim/sim_1/behav/xsim/xsim.dir/DBU_test_behav/webtalk/xsim_webtalk.tcl -notrace
INFO: [Common 17-186] 'C:/Users/Lucifer.dark/Desktop/Lab04/Lab04.sim/sim_1/behav/xsim/xsim.dir/DBU_test_behav/webtalk/usage_statistics_ext_xsim.xml' has been successfully sent to Xilinx on Tue May 19 19:23:22 2020. For additional details about this file, please refer to the WebTalk help file at C:/Xilinx/Vivado/2019.1/doc/webtalk_introduction.html.
webtalk_transmit: Time (s): cpu = 00:00:00 ; elapsed = 00:00:05 . Memory (MB): peak = 91.594 ; gain = 0.000
INFO: [Common 17-206] Exiting Webtalk at Tue May 19 19:23:22 2020...
run_program: Time (s): cpu = 00:00:00 ; elapsed = 00:00:09 . Memory (MB): peak = 840.875 ; gain = 0.000
INFO: [USF-XSim-69] 'elaborate' step finished in '9' seconds
launch_simulation: Time (s): cpu = 00:00:00 ; elapsed = 00:00:09 . Memory (MB): peak = 840.875 ; gain = 0.000
Vivado Simulator 2019.1
Time resolution is 1 ps
WARNING: This core is supplied with a behavioral model. To model cycle-accurate behavior you must run timing simulation.
$finish called at time : 292 ns : File "C:/Users/Lucifer.dark/Desktop/Lab04/Lab04.srcs/sim_1/new/DBU_test.v" Line 56
relaunch_sim: Time (s): cpu = 00:00:03 ; elapsed = 00:00:15 . Memory (MB): peak = 840.875 ; gain = 0.000
close_sim
INFO: [Simtcl 6-16] Simulation closed
exit
INFO: [Common 17-206] Exiting Vivado at Tue May 19 19:44:12 2020...
