#-----------------------------------------------------------
# Vivado v2019.1 (64-bit)
# SW Build 2552052 on Fri May 24 14:49:42 MDT 2019
# IP Build 2548770 on Fri May 24 18:01:18 MDT 2019
# Start of session at: Mon Apr 27 20:05:35 2020
# Process ID: 17756
# Current directory: C:/Users/Lucifer.dark/Desktop/Lab01
# Command line: vivado.exe -gui_launcher_event rodinguilauncherevent18384 C:\Users\Lucifer.dark\Desktop\Lab01\Lab01.xpr
# Log file: C:/Users/Lucifer.dark/Desktop/Lab01/vivado.log
# Journal file: C:/Users/Lucifer.dark/Desktop/Lab01\vivado.jou
#-----------------------------------------------------------
start_gui
open_project C:/Users/Lucifer.dark/Desktop/Lab01/Lab01.xpr
Scanning sources...
Finished scanning sources
INFO: [IP_Flow 19-234] Refreshing IP repositories
INFO: [IP_Flow 19-1704] No user IP repositories specified
INFO: [IP_Flow 19-2313] Loaded Vivado IP repository 'C:/Xilinx/Vivado/2019.1/data/ip'.
update_compile_order -fileset sources_1
launch_simulation
INFO: [Vivado 12-5682] Launching behavioral simulation in 'C:/Users/Lucifer.dark/Desktop/Lab01/Lab01.sim/sim_1/behav/xsim'
INFO: [SIM-utils-51] Simulation object is 'sim_1'
INFO: [SIM-utils-54] Inspecting design source files for 'sort_test' in fileset 'sim_1'...
INFO: [USF-XSim-97] Finding global include files...
INFO: [USF-XSim-98] Fetching design files from 'sim_1'...
INFO: [USF-XSim-2] XSim::Compile design
INFO: [USF-XSim-61] Executing 'COMPILE and ANALYZE' step in 'C:/Users/Lucifer.dark/Desktop/Lab01/Lab01.sim/sim_1/behav/xsim'
"xvlog --incr --relax -prj sort_test_vlog.prj"
INFO: [USF-XSim-69] 'compile' step finished in '1' seconds
INFO: [USF-XSim-3] XSim::Elaborate design
INFO: [USF-XSim-61] Executing 'ELABORATE' step in 'C:/Users/Lucifer.dark/Desktop/Lab01/Lab01.sim/sim_1/behav/xsim'
"xelab -wto 1b89a44f6e2a468696ddae932570218d --incr --debug typical --relax --mt 2 -L xil_defaultlib -L unisims_ver -L unimacro_ver -L secureip --snapshot sort_test_behav xil_defaultlib.sort_test xil_defaultlib.glbl -log elaborate.log"
Vivado Simulator 2019.1
Copyright 1986-1999, 2001-2019 Xilinx, Inc. All Rights Reserved.
Running: C:/Xilinx/Vivado/2019.1/bin/unwrapped/win64.o/xelab.exe -wto 1b89a44f6e2a468696ddae932570218d --incr --debug typical --relax --mt 2 -L xil_defaultlib -L unisims_ver -L unimacro_ver -L secureip --snapshot sort_test_behav xil_defaultlib.sort_test xil_defaultlib.glbl -log elaborate.log 
Using 2 slave threads.
Starting static elaboration
Completed static elaboration
INFO: [XSIM 43-4323] No Change in HDL. Linking previously generated obj files to create kernel
INFO: [USF-XSim-69] 'elaborate' step finished in '2' seconds
INFO: [USF-XSim-4] XSim::Simulate design
INFO: [USF-XSim-61] Executing 'SIMULATE' step in 'C:/Users/Lucifer.dark/Desktop/Lab01/Lab01.sim/sim_1/behav/xsim'
INFO: [USF-XSim-98] *** Running xsim
   with args "sort_test_behav -key {Behavioral:sim_1:Functional:sort_test} -tclbatch {sort_test.tcl} -log {simulate.log}"
INFO: [USF-XSim-8] Loading simulator feature
Vivado Simulator 2019.1
Time resolution is 1 ps
source sort_test.tcl
# set curr_wave [current_wave_config]
# if { [string length $curr_wave] == 0 } {
#   if { [llength [get_objects]] > 0} {
#     add_wave /
#     set_property needs_save false [current_wave_config]
#   } else {
#      send_msg_id Add_Wave-1 WARNING "No top level signals found. Simulator will start without a wave window. If you want to open a wave window go to 'File->New Waveform Configuration' or type 'create_wave_config' in the TCL console."
#   }
# }
# run 1000ns
$finish called at time : 330 ns : File "C:/Users/Lucifer.dark/Desktop/Lab01/Lab01.srcs/sim_1/new/sort_test.v" Line 39
INFO: [USF-XSim-96] XSim completed. Design snapshot 'sort_test_behav' loaded.
INFO: [USF-XSim-97] XSim simulation ran for 1000ns
launch_simulation: Time (s): cpu = 00:00:09 ; elapsed = 00:00:07 . Memory (MB): peak = 773.938 ; gain = 0.996
move_files -fileset sim_1 [get_files  C:/Users/Lucifer.dark/Desktop/Lab01/Lab01.srcs/sources_1/new/register.v]
update_compile_order -fileset sim_1
close_sim
INFO: [Simtcl 6-16] Simulation closed
close_sim: Time (s): cpu = 00:00:02 ; elapsed = 00:00:09 . Memory (MB): peak = 796.719 ; gain = 11.379
launch_simulation
INFO: [Vivado 12-5682] Launching behavioral simulation in 'C:/Users/Lucifer.dark/Desktop/Lab01/Lab01.sim/sim_1/behav/xsim'
INFO: [SIM-utils-51] Simulation object is 'sim_1'
INFO: [SIM-utils-54] Inspecting design source files for 'sort_test' in fileset 'sim_1'...
INFO: [USF-XSim-97] Finding global include files...
INFO: [USF-XSim-98] Fetching design files from 'sim_1'...
INFO: [USF-XSim-2] XSim::Compile design
INFO: [USF-XSim-61] Executing 'COMPILE and ANALYZE' step in 'C:/Users/Lucifer.dark/Desktop/Lab01/Lab01.sim/sim_1/behav/xsim'
"xvlog --incr --relax -prj sort_test_vlog.prj"
INFO: [USF-XSim-69] 'compile' step finished in '2' seconds
INFO: [USF-XSim-3] XSim::Elaborate design
INFO: [USF-XSim-61] Executing 'ELABORATE' step in 'C:/Users/Lucifer.dark/Desktop/Lab01/Lab01.sim/sim_1/behav/xsim'
"xelab -wto 1b89a44f6e2a468696ddae932570218d --incr --debug typical --relax --mt 2 -L xil_defaultlib -L unisims_ver -L unimacro_ver -L secureip --snapshot sort_test_behav xil_defaultlib.sort_test xil_defaultlib.glbl -log elaborate.log"
Vivado Simulator 2019.1
Copyright 1986-1999, 2001-2019 Xilinx, Inc. All Rights Reserved.
Running: C:/Xilinx/Vivado/2019.1/bin/unwrapped/win64.o/xelab.exe -wto 1b89a44f6e2a468696ddae932570218d --incr --debug typical --relax --mt 2 -L xil_defaultlib -L unisims_ver -L unimacro_ver -L secureip --snapshot sort_test_behav xil_defaultlib.sort_test xil_defaultlib.glbl -log elaborate.log 
Using 2 slave threads.
Starting static elaboration
Completed static elaboration
INFO: [XSIM 43-4323] No Change in HDL. Linking previously generated obj files to create kernel
INFO: [USF-XSim-69] 'elaborate' step finished in '1' seconds
INFO: [USF-XSim-4] XSim::Simulate design
INFO: [USF-XSim-61] Executing 'SIMULATE' step in 'C:/Users/Lucifer.dark/Desktop/Lab01/Lab01.sim/sim_1/behav/xsim'
INFO: [USF-XSim-98] *** Running xsim
   with args "sort_test_behav -key {Behavioral:sim_1:Functional:sort_test} -tclbatch {sort_test.tcl} -log {simulate.log}"
INFO: [USF-XSim-8] Loading simulator feature
Vivado Simulator 2019.1
Time resolution is 1 ps
source sort_test.tcl
# set curr_wave [current_wave_config]
# if { [string length $curr_wave] == 0 } {
#   if { [llength [get_objects]] > 0} {
#     add_wave /
#     set_property needs_save false [current_wave_config]
#   } else {
#      send_msg_id Add_Wave-1 WARNING "No top level signals found. Simulator will start without a wave window. If you want to open a wave window go to 'File->New Waveform Configuration' or type 'create_wave_config' in the TCL console."
#   }
# }
# run 1000ns
$finish called at time : 330 ns : File "C:/Users/Lucifer.dark/Desktop/Lab01/Lab01.srcs/sim_1/new/sort_test.v" Line 39
INFO: [USF-XSim-96] XSim completed. Design snapshot 'sort_test_behav' loaded.
INFO: [USF-XSim-97] XSim simulation ran for 1000ns
launch_simulation: Time (s): cpu = 00:00:04 ; elapsed = 00:00:06 . Memory (MB): peak = 796.719 ; gain = 0.000
move_files [get_files  C:/Users/Lucifer.dark/Desktop/Lab01/Lab01.srcs/sources_1/new/register.v]
update_compile_order -fileset sources_1
close_sim
INFO: [Simtcl 6-16] Simulation closed
launch_simulation
INFO: [Vivado 12-5682] Launching behavioral simulation in 'C:/Users/Lucifer.dark/Desktop/Lab01/Lab01.sim/sim_1/behav/xsim'
INFO: [SIM-utils-51] Simulation object is 'sim_1'
INFO: [SIM-utils-54] Inspecting design source files for 'sort_test' in fileset 'sim_1'...
INFO: [USF-XSim-97] Finding global include files...
INFO: [USF-XSim-98] Fetching design files from 'sim_1'...
INFO: [USF-XSim-2] XSim::Compile design
INFO: [USF-XSim-61] Executing 'COMPILE and ANALYZE' step in 'C:/Users/Lucifer.dark/Desktop/Lab01/Lab01.sim/sim_1/behav/xsim'
"xvlog --incr --relax -prj sort_test_vlog.prj"
INFO: [USF-XSim-69] 'compile' step finished in '2' seconds
INFO: [USF-XSim-3] XSim::Elaborate design
INFO: [USF-XSim-61] Executing 'ELABORATE' step in 'C:/Users/Lucifer.dark/Desktop/Lab01/Lab01.sim/sim_1/behav/xsim'
"xelab -wto 1b89a44f6e2a468696ddae932570218d --incr --debug typical --relax --mt 2 -L xil_defaultlib -L unisims_ver -L unimacro_ver -L secureip --snapshot sort_test_behav xil_defaultlib.sort_test xil_defaultlib.glbl -log elaborate.log"
Vivado Simulator 2019.1
Copyright 1986-1999, 2001-2019 Xilinx, Inc. All Rights Reserved.
Running: C:/Xilinx/Vivado/2019.1/bin/unwrapped/win64.o/xelab.exe -wto 1b89a44f6e2a468696ddae932570218d --incr --debug typical --relax --mt 2 -L xil_defaultlib -L unisims_ver -L unimacro_ver -L secureip --snapshot sort_test_behav xil_defaultlib.sort_test xil_defaultlib.glbl -log elaborate.log 
Using 2 slave threads.
Starting static elaboration
Completed static elaboration
INFO: [XSIM 43-4323] No Change in HDL. Linking previously generated obj files to create kernel
INFO: [USF-XSim-69] 'elaborate' step finished in '1' seconds
INFO: [USF-XSim-4] XSim::Simulate design
INFO: [USF-XSim-61] Executing 'SIMULATE' step in 'C:/Users/Lucifer.dark/Desktop/Lab01/Lab01.sim/sim_1/behav/xsim'
INFO: [USF-XSim-98] *** Running xsim
   with args "sort_test_behav -key {Behavioral:sim_1:Functional:sort_test} -tclbatch {sort_test.tcl} -log {simulate.log}"
INFO: [USF-XSim-8] Loading simulator feature
Vivado Simulator 2019.1
Time resolution is 1 ps
source sort_test.tcl
# set curr_wave [current_wave_config]
# if { [string length $curr_wave] == 0 } {
#   if { [llength [get_objects]] > 0} {
#     add_wave /
#     set_property needs_save false [current_wave_config]
#   } else {
#      send_msg_id Add_Wave-1 WARNING "No top level signals found. Simulator will start without a wave window. If you want to open a wave window go to 'File->New Waveform Configuration' or type 'create_wave_config' in the TCL console."
#   }
# }
# run 1000ns
$finish called at time : 330 ns : File "C:/Users/Lucifer.dark/Desktop/Lab01/Lab01.srcs/sim_1/new/sort_test.v" Line 39
INFO: [USF-XSim-96] XSim completed. Design snapshot 'sort_test_behav' loaded.
INFO: [USF-XSim-97] XSim simulation ran for 1000ns
launch_simulation: Time (s): cpu = 00:00:02 ; elapsed = 00:00:05 . Memory (MB): peak = 802.574 ; gain = 0.000
current_wave_config {}
WARNING: [Wavedata 42-16] Error Unable to get wave configuration ''.
Untitled 3
add_wave {{/sort_test/sort/R0}} 
current_wave_config {Untitled 3}
Untitled 3
add_wave {{/sort_test/sort/R1}} 
current_wave_config {Untitled 3}
Untitled 3
add_wave {{/sort_test/sort/R2}} 
current_wave_config {Untitled 3}
Untitled 3
add_wave {{/sort_test/sort/R3}} 
close_sim
INFO: [Simtcl 6-16] Simulation closed
launch_simulation
INFO: [Vivado 12-5682] Launching behavioral simulation in 'C:/Users/Lucifer.dark/Desktop/Lab01/Lab01.sim/sim_1/behav/xsim'
INFO: [SIM-utils-51] Simulation object is 'sim_1'
INFO: [SIM-utils-54] Inspecting design source files for 'sort_test' in fileset 'sim_1'...
INFO: [USF-XSim-97] Finding global include files...
INFO: [USF-XSim-98] Fetching design files from 'sim_1'...
INFO: [USF-XSim-2] XSim::Compile design
INFO: [USF-XSim-61] Executing 'COMPILE and ANALYZE' step in 'C:/Users/Lucifer.dark/Desktop/Lab01/Lab01.sim/sim_1/behav/xsim'
"xvlog --incr --relax -prj sort_test_vlog.prj"
INFO: [USF-XSim-69] 'compile' step finished in '1' seconds
INFO: [USF-XSim-3] XSim::Elaborate design
INFO: [USF-XSim-61] Executing 'ELABORATE' step in 'C:/Users/Lucifer.dark/Desktop/Lab01/Lab01.sim/sim_1/behav/xsim'
"xelab -wto 1b89a44f6e2a468696ddae932570218d --incr --debug typical --relax --mt 2 -L xil_defaultlib -L unisims_ver -L unimacro_ver -L secureip --snapshot sort_test_behav xil_defaultlib.sort_test xil_defaultlib.glbl -log elaborate.log"
Vivado Simulator 2019.1
Copyright 1986-1999, 2001-2019 Xilinx, Inc. All Rights Reserved.
Running: C:/Xilinx/Vivado/2019.1/bin/unwrapped/win64.o/xelab.exe -wto 1b89a44f6e2a468696ddae932570218d --incr --debug typical --relax --mt 2 -L xil_defaultlib -L unisims_ver -L unimacro_ver -L secureip --snapshot sort_test_behav xil_defaultlib.sort_test xil_defaultlib.glbl -log elaborate.log 
Using 2 slave threads.
Starting static elaboration
Completed static elaboration
INFO: [XSIM 43-4323] No Change in HDL. Linking previously generated obj files to create kernel
INFO: [USF-XSim-69] 'elaborate' step finished in '1' seconds
INFO: [USF-XSim-4] XSim::Simulate design
INFO: [USF-XSim-61] Executing 'SIMULATE' step in 'C:/Users/Lucifer.dark/Desktop/Lab01/Lab01.sim/sim_1/behav/xsim'
INFO: [USF-XSim-98] *** Running xsim
   with args "sort_test_behav -key {Behavioral:sim_1:Functional:sort_test} -tclbatch {sort_test.tcl} -log {simulate.log}"
INFO: [USF-XSim-8] Loading simulator feature
Vivado Simulator 2019.1
Time resolution is 1 ps
source sort_test.tcl
# set curr_wave [current_wave_config]
# if { [string length $curr_wave] == 0 } {
#   if { [llength [get_objects]] > 0} {
#     add_wave /
#     set_property needs_save false [current_wave_config]
#   } else {
#      send_msg_id Add_Wave-1 WARNING "No top level signals found. Simulator will start without a wave window. If you want to open a wave window go to 'File->New Waveform Configuration' or type 'create_wave_config' in the TCL console."
#   }
# }
# run 1000ns
$finish called at time : 330 ns : File "C:/Users/Lucifer.dark/Desktop/Lab01/Lab01.srcs/sim_1/new/sort_test.v" Line 39
INFO: [USF-XSim-96] XSim completed. Design snapshot 'sort_test_behav' loaded.
INFO: [USF-XSim-97] XSim simulation ran for 1000ns
current_wave_config {}
WARNING: [Wavedata 42-16] Error Unable to get wave configuration ''.
Untitled 4
log_wave -r {/sort_test/sort/R0} 
current_wave_config {Untitled 4}
Untitled 4
add_wave {{/sort_test/sort/R0}} 
current_wave_config {Untitled 4}
Untitled 4
log_wave {/sort_test/sort/R0} 
current_wave_config {Untitled 4}
Untitled 4
log_wave -r {/sort_test/sort/R0} 
relaunch_sim
INFO: [Vivado 12-5682] Launching behavioral simulation in 'C:/Users/Lucifer.dark/Desktop/Lab01/Lab01.sim/sim_1/behav/xsim'
INFO: [SIM-utils-51] Simulation object is 'sim_1'
INFO: [SIM-utils-54] Inspecting design source files for 'sort_test' in fileset 'sim_1'...
INFO: [USF-XSim-97] Finding global include files...
INFO: [USF-XSim-98] Fetching design files from 'sim_1'...
INFO: [USF-XSim-2] XSim::Compile design
INFO: [USF-XSim-61] Executing 'COMPILE and ANALYZE' step in 'C:/Users/Lucifer.dark/Desktop/Lab01/Lab01.sim/sim_1/behav/xsim'
"xvlog --incr --relax -prj sort_test_vlog.prj"
INFO: [USF-XSim-69] 'compile' step finished in '1' seconds
INFO: [Vivado 12-5682] Launching behavioral simulation in 'C:/Users/Lucifer.dark/Desktop/Lab01/Lab01.sim/sim_1/behav/xsim'
INFO: [USF-XSim-3] XSim::Elaborate design
INFO: [USF-XSim-61] Executing 'ELABORATE' step in 'C:/Users/Lucifer.dark/Desktop/Lab01/Lab01.sim/sim_1/behav/xsim'
"xelab -wto 1b89a44f6e2a468696ddae932570218d --incr --debug typical --relax --mt 2 -L xil_defaultlib -L unisims_ver -L unimacro_ver -L secureip --snapshot sort_test_behav xil_defaultlib.sort_test xil_defaultlib.glbl -log elaborate.log"
Vivado Simulator 2019.1
Copyright 1986-1999, 2001-2019 Xilinx, Inc. All Rights Reserved.
Running: C:/Xilinx/Vivado/2019.1/bin/unwrapped/win64.o/xelab.exe -wto 1b89a44f6e2a468696ddae932570218d --incr --debug typical --relax --mt 2 -L xil_defaultlib -L unisims_ver -L unimacro_ver -L secureip --snapshot sort_test_behav xil_defaultlib.sort_test xil_defaultlib.glbl -log elaborate.log 
Using 2 slave threads.
Starting static elaboration
Completed static elaboration
INFO: [XSIM 43-4323] No Change in HDL. Linking previously generated obj files to create kernel
INFO: [USF-XSim-69] 'elaborate' step finished in '2' seconds
Vivado Simulator 2019.1
Time resolution is 1 ps
$finish called at time : 330 ns : File "C:/Users/Lucifer.dark/Desktop/Lab01/Lab01.srcs/sim_1/new/sort_test.v" Line 39
relaunch_sim: Time (s): cpu = 00:00:02 ; elapsed = 00:00:06 . Memory (MB): peak = 822.402 ; gain = 0.000
current_wave_config {Untitled 4}
Untitled 4
add_wave {{/sort_test/sort/R1}} 
current_wave_config {Untitled 4}
Untitled 4
add_wave {{/sort_test/sort/R2}} 
current_wave_config {Untitled 4}
Untitled 4
add_wave {{/sort_test/sort/R3}} 
relaunch_sim
INFO: [Vivado 12-5682] Launching behavioral simulation in 'C:/Users/Lucifer.dark/Desktop/Lab01/Lab01.sim/sim_1/behav/xsim'
INFO: [SIM-utils-51] Simulation object is 'sim_1'
INFO: [SIM-utils-54] Inspecting design source files for 'sort_test' in fileset 'sim_1'...
INFO: [USF-XSim-97] Finding global include files...
INFO: [USF-XSim-98] Fetching design files from 'sim_1'...
INFO: [USF-XSim-2] XSim::Compile design
INFO: [USF-XSim-61] Executing 'COMPILE and ANALYZE' step in 'C:/Users/Lucifer.dark/Desktop/Lab01/Lab01.sim/sim_1/behav/xsim'
"xvlog --incr --relax -prj sort_test_vlog.prj"
INFO: [USF-XSim-69] 'compile' step finished in '1' seconds
INFO: [Vivado 12-5682] Launching behavioral simulation in 'C:/Users/Lucifer.dark/Desktop/Lab01/Lab01.sim/sim_1/behav/xsim'
INFO: [USF-XSim-3] XSim::Elaborate design
INFO: [USF-XSim-61] Executing 'ELABORATE' step in 'C:/Users/Lucifer.dark/Desktop/Lab01/Lab01.sim/sim_1/behav/xsim'
"xelab -wto 1b89a44f6e2a468696ddae932570218d --incr --debug typical --relax --mt 2 -L xil_defaultlib -L unisims_ver -L unimacro_ver -L secureip --snapshot sort_test_behav xil_defaultlib.sort_test xil_defaultlib.glbl -log elaborate.log"
Vivado Simulator 2019.1
Copyright 1986-1999, 2001-2019 Xilinx, Inc. All Rights Reserved.
Running: C:/Xilinx/Vivado/2019.1/bin/unwrapped/win64.o/xelab.exe -wto 1b89a44f6e2a468696ddae932570218d --incr --debug typical --relax --mt 2 -L xil_defaultlib -L unisims_ver -L unimacro_ver -L secureip --snapshot sort_test_behav xil_defaultlib.sort_test xil_defaultlib.glbl -log elaborate.log 
Using 2 slave threads.
Starting static elaboration
Completed static elaboration
INFO: [XSIM 43-4323] No Change in HDL. Linking previously generated obj files to create kernel
INFO: [USF-XSim-69] 'elaborate' step finished in '2' seconds
Vivado Simulator 2019.1
Time resolution is 1 ps
$finish called at time : 330 ns : File "C:/Users/Lucifer.dark/Desktop/Lab01/Lab01.srcs/sim_1/new/sort_test.v" Line 39
relaunch_sim: Time (s): cpu = 00:00:02 ; elapsed = 00:00:06 . Memory (MB): peak = 822.402 ; gain = 0.000
current_wave_config {Untitled 4}
Untitled 4
add_wave {{/sort_test/sort/R0}} 
close_sim
INFO: [Simtcl 6-16] Simulation closed
exit
INFO: [Common 17-206] Exiting Vivado at Mon Apr 27 20:39:46 2020...
