#-----------------------------------------------------------
# Vivado v2019.1 (64-bit)
# SW Build 2552052 on Fri May 24 14:49:42 MDT 2019
# IP Build 2548770 on Fri May 24 18:01:18 MDT 2019
# Start of session at: Sun Jun  7 10:02:18 2020
# Process ID: 15252
# Current directory: C:/Users/Lucifer.dark/Desktop/Lab05
# Command line: vivado.exe -gui_launcher_event rodinguilauncherevent11188 C:\Users\Lucifer.dark\Desktop\Lab05\Lab05.xpr
# Log file: C:/Users/Lucifer.dark/Desktop/Lab05/vivado.log
# Journal file: C:/Users/Lucifer.dark/Desktop/Lab05\vivado.jou
#-----------------------------------------------------------
start_gui
open_project C:/Users/Lucifer.dark/Desktop/Lab05/Lab05.xpr
Scanning sources...
Finished scanning sources
INFO: [IP_Flow 19-234] Refreshing IP repositories
INFO: [IP_Flow 19-1704] No user IP repositories specified
INFO: [IP_Flow 19-2313] Loaded Vivado IP repository 'C:/Xilinx/Vivado/2019.1/data/ip'.
open_project: Time (s): cpu = 00:00:11 ; elapsed = 00:00:05 . Memory (MB): peak = 973.742 ; gain = 97.367
update_compile_order -fileset sources_1
launch_simulation
INFO: [Vivado 12-5698] Checking validity of IPs in the design for the 'XSim' simulator...
INFO: [Vivado 12-5682] Launching behavioral simulation in 'C:/Users/Lucifer.dark/Desktop/Lab05/Lab05.sim/sim_1/behav/xsim'
INFO: [Vivado 12-4795] Using compiled simulation libraries for IPs
INFO: [SIM-utils-51] Simulation object is 'sim_1'
INFO: [USF-XSim-7] Finding pre-compiled libraries...
INFO: [USF-XSim-11] File 'C:/Xilinx/Vivado/2019.1/data/xsim/xsim.ini' copied to run dir:'C:/Users/Lucifer.dark/Desktop/Lab05/Lab05.sim/sim_1/behav/xsim'
INFO: [SIM-utils-54] Inspecting design source files for 'test' in fileset 'sim_1'...
INFO: [SIM-utils-43] Exported 'C:/Users/Lucifer.dark/Desktop/Lab05/Lab05.sim/sim_1/behav/xsim/DMem.mif'
INFO: [SIM-utils-43] Exported 'C:/Users/Lucifer.dark/Desktop/Lab05/Lab05.sim/sim_1/behav/xsim/COE.coe'
INFO: [SIM-utils-43] Exported 'C:/Users/Lucifer.dark/Desktop/Lab05/Lab05.sim/sim_1/behav/xsim/IMem.mif'
INFO: [SIM-utils-43] Exported 'C:/Users/Lucifer.dark/Desktop/Lab05/Lab05.sim/sim_1/behav/xsim/COE.coe'
INFO: [USF-XSim-97] Finding global include files...
INFO: [USF-XSim-98] Fetching design files from 'sim_1'...
INFO: [USF-XSim-2] XSim::Compile design
INFO: [USF-XSim-61] Executing 'COMPILE and ANALYZE' step in 'C:/Users/Lucifer.dark/Desktop/Lab05/Lab05.sim/sim_1/behav/xsim'
"xvlog --incr --relax -prj test_vlog.prj"
INFO: [VRFC 10-2263] Analyzing Verilog file "C:/Users/Lucifer.dark/Desktop/Lab05/Lab05.srcs/sources_1/ip/DMem/sim/DMem.v" into library xil_defaultlib
INFO: [VRFC 10-311] analyzing module DMem
INFO: [VRFC 10-2263] Analyzing Verilog file "C:/Users/Lucifer.dark/Desktop/Lab05/Lab05.srcs/sources_1/ip/IMem/sim/IMem.v" into library xil_defaultlib
INFO: [VRFC 10-311] analyzing module IMem
INFO: [VRFC 10-2263] Analyzing Verilog file "C:/Users/Lucifer.dark/Desktop/Lab05/Lab05.srcs/sources_1/new/EXMEM.v" into library xil_defaultlib
INFO: [VRFC 10-311] analyzing module EXMEM
INFO: [VRFC 10-2263] Analyzing Verilog file "C:/Users/Lucifer.dark/Desktop/Lab05/Lab05.srcs/sources_1/new/IDEX.v" into library xil_defaultlib
INFO: [VRFC 10-311] analyzing module IDEX
INFO: [VRFC 10-2263] Analyzing Verilog file "C:/Users/Lucifer.dark/Desktop/Lab05/Lab05.srcs/sources_1/new/IFID.v" into library xil_defaultlib
INFO: [VRFC 10-311] analyzing module IFID
INFO: [VRFC 10-2263] Analyzing Verilog file "C:/Users/Lucifer.dark/Desktop/Lab05/Lab05.srcs/sources_1/new/MEMWB.v" into library xil_defaultlib
INFO: [VRFC 10-311] analyzing module MEMWB
INFO: [VRFC 10-2263] Analyzing Verilog file "C:/Users/Lucifer.dark/Desktop/Lab05/Lab05.srcs/sources_1/new/alu.v" into library xil_defaultlib
INFO: [VRFC 10-311] analyzing module alu
INFO: [VRFC 10-2263] Analyzing Verilog file "C:/Users/Lucifer.dark/Desktop/Lab05/Lab05.srcs/sources_1/new/compare.v" into library xil_defaultlib
INFO: [VRFC 10-311] analyzing module compare
INFO: [VRFC 10-2263] Analyzing Verilog file "C:/Users/Lucifer.dark/Desktop/Lab05/Lab05.srcs/sources_1/new/control.v" into library xil_defaultlib
INFO: [VRFC 10-311] analyzing module control
INFO: [VRFC 10-2263] Analyzing Verilog file "C:/Users/Lucifer.dark/Desktop/Lab05/Lab05.srcs/sources_1/new/dff.v" into library xil_defaultlib
INFO: [VRFC 10-311] analyzing module dff
INFO: [VRFC 10-2263] Analyzing Verilog file "C:/Users/Lucifer.dark/Desktop/Lab05/Lab05.srcs/sources_1/new/forward.v" into library xil_defaultlib
INFO: [VRFC 10-311] analyzing module forward
INFO: [VRFC 10-2263] Analyzing Verilog file "C:/Users/Lucifer.dark/Desktop/Lab05/Lab05.srcs/sources_1/new/hazard.v" into library xil_defaultlib
INFO: [VRFC 10-311] analyzing module hazard
INFO: [VRFC 10-2263] Analyzing Verilog file "C:/Users/Lucifer.dark/Desktop/Lab05/Lab05.srcs/sources_1/new/mux.v" into library xil_defaultlib
INFO: [VRFC 10-311] analyzing module mux
INFO: [VRFC 10-2263] Analyzing Verilog file "C:/Users/Lucifer.dark/Desktop/Lab05/Lab05.srcs/sources_1/new/mux4.v" into library xil_defaultlib
INFO: [VRFC 10-311] analyzing module mux4
INFO: [VRFC 10-2263] Analyzing Verilog file "C:/Users/Lucifer.dark/Desktop/Lab05/Lab05.srcs/sources_1/new/regfile.v" into library xil_defaultlib
INFO: [VRFC 10-311] analyzing module regfile
INFO: [VRFC 10-2263] Analyzing Verilog file "C:/Users/Lucifer.dark/Desktop/Lab05/Lab05.srcs/sources_1/new/top.v" into library xil_defaultlib
INFO: [VRFC 10-311] analyzing module top
INFO: [VRFC 10-2263] Analyzing Verilog file "C:/Users/Lucifer.dark/Desktop/Lab05/Lab05.srcs/sim_1/new/test.v" into library xil_defaultlib
INFO: [VRFC 10-311] analyzing module test
INFO: [USF-XSim-69] 'compile' step finished in '1' seconds
INFO: [USF-XSim-3] XSim::Elaborate design
INFO: [USF-XSim-61] Executing 'ELABORATE' step in 'C:/Users/Lucifer.dark/Desktop/Lab05/Lab05.sim/sim_1/behav/xsim'
"xelab -wto bdaea6a68dfa4e92a65984aee07fc91c --incr --debug typical --relax --mt 2 -L dist_mem_gen_v8_0_13 -L xil_defaultlib -L unisims_ver -L unimacro_ver -L secureip -L xpm --snapshot test_behav xil_defaultlib.test xil_defaultlib.glbl -log elaborate.log"
Vivado Simulator 2019.1
Copyright 1986-1999, 2001-2019 Xilinx, Inc. All Rights Reserved.
Running: C:/Xilinx/Vivado/2019.1/bin/unwrapped/win64.o/xelab.exe -wto bdaea6a68dfa4e92a65984aee07fc91c --incr --debug typical --relax --mt 2 -L dist_mem_gen_v8_0_13 -L xil_defaultlib -L unisims_ver -L unimacro_ver -L secureip -L xpm --snapshot test_behav xil_defaultlib.test xil_defaultlib.glbl -log elaborate.log 
Using 2 slave threads.
Starting static elaboration
WARNING: [VRFC 10-3091] actual bit length 32 differs from formal bit length 8 for port 'a' [C:/Users/Lucifer.dark/Desktop/Lab05/Lab05.srcs/sources_1/new/top.v:157]
WARNING: [VRFC 10-3091] actual bit length 32 differs from formal bit length 8 for port 'a' [C:/Users/Lucifer.dark/Desktop/Lab05/Lab05.srcs/sources_1/new/top.v:303]
Completed static elaboration
Starting simulation data flow analysis
Completed simulation data flow analysis
Time Resolution for simulation is 1ps
Compiling module xil_defaultlib.mux4
Compiling module xil_defaultlib.dff
Compiling module xil_defaultlib.alu
Compiling module dist_mem_gen_v8_0_13.dist_mem_gen_v8_0_13(C_FAMILY="a...
Compiling module xil_defaultlib.IMem
Compiling module xil_defaultlib.IFID
Compiling module xil_defaultlib.control
Compiling module xil_defaultlib.mux(WIDTH=5)
Compiling module xil_defaultlib.regfile
Compiling module xil_defaultlib.compare
Compiling module xil_defaultlib.hazard
Compiling module xil_defaultlib.dff(WIDTH=5)
Compiling module xil_defaultlib.dff(WIDTH=1)
Compiling module xil_defaultlib.dff(WIDTH=2)
Compiling module xil_defaultlib.IDEX
Compiling module xil_defaultlib.forward
Compiling module xil_defaultlib.mux
Compiling module xil_defaultlib.EXMEM
Compiling module dist_mem_gen_v8_0_13.dist_mem_gen_v8_0_13(C_FAMILY="a...
Compiling module xil_defaultlib.DMem
Compiling module xil_defaultlib.MEMWB
Compiling module xil_defaultlib.top
Compiling module xil_defaultlib.test
Compiling module xil_defaultlib.glbl
Built simulation snapshot test_behav

****** Webtalk v2019.1 (64-bit)
  **** SW Build 2552052 on Fri May 24 14:49:42 MDT 2019
  **** IP Build 2548770 on Fri May 24 18:01:18 MDT 2019
    ** Copyright 1986-2019 Xilinx, Inc. All Rights Reserved.

source C:/Users/Lucifer.dark/Desktop/Lab05/Lab05.sim/sim_1/behav/xsim/xsim.dir/test_behav/webtalk/xsim_webtalk.tcl -notrace
INFO: [Common 17-186] 'C:/Users/Lucifer.dark/Desktop/Lab05/Lab05.sim/sim_1/behav/xsim/xsim.dir/test_behav/webtalk/usage_statistics_ext_xsim.xml' has been successfully sent to Xilinx on Sun Jun  7 11:08:23 2020. For additional details about this file, please refer to the WebTalk help file at C:/Xilinx/Vivado/2019.1/doc/webtalk_introduction.html.
INFO: [Common 17-206] Exiting Webtalk at Sun Jun  7 11:08:23 2020...
run_program: Time (s): cpu = 00:00:01 ; elapsed = 00:00:09 . Memory (MB): peak = 976.836 ; gain = 0.000
INFO: [USF-XSim-69] 'elaborate' step finished in '9' seconds
INFO: [USF-XSim-4] XSim::Simulate design
INFO: [USF-XSim-61] Executing 'SIMULATE' step in 'C:/Users/Lucifer.dark/Desktop/Lab05/Lab05.sim/sim_1/behav/xsim'
INFO: [USF-XSim-98] *** Running xsim
   with args "test_behav -key {Behavioral:sim_1:Functional:test} -tclbatch {test.tcl} -view {C:/Users/Lucifer.dark/Desktop/Lab05/test_behav.wcfg} -log {simulate.log}"
INFO: [USF-XSim-8] Loading simulator feature
Vivado Simulator 2019.1
Time resolution is 1 ps
open_wave_config C:/Users/Lucifer.dark/Desktop/Lab05/test_behav.wcfg
source test.tcl
# set curr_wave [current_wave_config]
# if { [string length $curr_wave] == 0 } {
#   if { [llength [get_objects]] > 0} {
#     add_wave /
#     set_property needs_save false [current_wave_config]
#   } else {
#      send_msg_id Add_Wave-1 WARNING "No top level signals found. Simulator will start without a wave window. If you want to open a wave window go to 'File->New Waveform Configuration' or type 'create_wave_config' in the TCL console."
#   }
# }
# run 1000ns
WARNING: This core is supplied with a behavioral model. To model cycle-accurate behavior you must run timing simulation.
WARNING: This core is supplied with a behavioral model. To model cycle-accurate behavior you must run timing simulation.
$finish called at time : 149 ns : File "C:/Users/Lucifer.dark/Desktop/Lab05/Lab05.srcs/sim_1/new/test.v" Line 41
xsim: Time (s): cpu = 00:00:08 ; elapsed = 00:00:05 . Memory (MB): peak = 976.836 ; gain = 0.000
INFO: [USF-XSim-96] XSim completed. Design snapshot 'test_behav' loaded.
INFO: [USF-XSim-97] XSim simulation ran for 1000ns
launch_simulation: Time (s): cpu = 00:00:10 ; elapsed = 00:00:22 . Memory (MB): peak = 976.836 ; gain = 0.000
save_wave_config {C:/Users/Lucifer.dark/Desktop/Lab05/test_behav.wcfg}
save_wave_config {C:/Users/Lucifer.dark/Desktop/Lab05/test_behav.wcfg}
close_sim
INFO: [Simtcl 6-16] Simulation closed
close_sim: Time (s): cpu = 00:00:02 ; elapsed = 00:00:07 . Memory (MB): peak = 976.836 ; gain = 0.000
exit
INFO: [Common 17-206] Exiting Vivado at Sun Jun  7 11:15:01 2020...
