#-----------------------------------------------------------
# Vivado v2019.1 (64-bit)
# SW Build 2552052 on Fri May 24 14:49:42 MDT 2019
# IP Build 2548770 on Fri May 24 18:01:18 MDT 2019
# Start of session at: Thu Jul  9 22:16:23 2020
# Process ID: 13512
# Current directory: C:/Users/Lucifer.dark/Desktop/fib
# Command line: vivado.exe -gui_launcher_event rodinguilauncherevent17752 C:\Users\Lucifer.dark\Desktop\fib\SingleCPU_v2.xpr
# Log file: C:/Users/Lucifer.dark/Desktop/fib/vivado.log
# Journal file: C:/Users/Lucifer.dark/Desktop/fib\vivado.jou
#-----------------------------------------------------------
start_gui
open_project C:/Users/Lucifer.dark/Desktop/fib/SingleCPU_v2.xpr
INFO: [Project 1-313] Project file moved from 'E:/vivado/SingleCPU_v2' since last save.
Scanning sources...
Finished scanning sources
INFO: [IP_Flow 19-234] Refreshing IP repositories
INFO: [IP_Flow 19-1704] No user IP repositories specified
INFO: [IP_Flow 19-2313] Loaded Vivado IP repository 'C:/Xilinx/Vivado/2019.1/data/ip'.
open_project: Time (s): cpu = 00:00:11 ; elapsed = 00:00:06 . Memory (MB): peak = 745.902 ; gain = 134.039
update_compile_order -fileset sources_1
launch_simulation
INFO: [Vivado 12-5698] Checking validity of IPs in the design for the 'XSim' simulator...
INFO: [Vivado 12-5682] Launching behavioral simulation in 'C:/Users/Lucifer.dark/Desktop/fib/SingleCPU_v2.sim/sim_1/behav/xsim'
INFO: [Vivado 12-4795] Using compiled simulation libraries for IPs
INFO: [SIM-utils-51] Simulation object is 'sim_1'
INFO: [USF-XSim-7] Finding pre-compiled libraries...
INFO: [USF-XSim-11] File 'C:/Xilinx/Vivado/2019.1/data/xsim/xsim.ini' copied to run dir:'C:/Users/Lucifer.dark/Desktop/fib/SingleCPU_v2.sim/sim_1/behav/xsim'
INFO: [SIM-utils-54] Inspecting design source files for 'testbench' in fileset 'sim_1'...
INFO: [SIM-utils-43] Exported 'C:/Users/Lucifer.dark/Desktop/fib/SingleCPU_v2.sim/sim_1/behav/xsim/DataMem.mif'
INFO: [SIM-utils-43] Exported 'C:/Users/Lucifer.dark/Desktop/fib/SingleCPU_v2.sim/sim_1/behav/xsim/data.coe'
INFO: [SIM-utils-43] Exported 'C:/Users/Lucifer.dark/Desktop/fib/SingleCPU_v2.sim/sim_1/behav/xsim/InsMem.mif'
INFO: [SIM-utils-43] Exported 'C:/Users/Lucifer.dark/Desktop/fib/SingleCPU_v2.sim/sim_1/behav/xsim/ins_fib.coe'
INFO: [SIM-utils-43] Exported 'C:/Users/Lucifer.dark/Desktop/fib/SingleCPU_v2.sim/sim_1/behav/xsim/ins.coe'
INFO: [USF-XSim-97] Finding global include files...
INFO: [USF-XSim-98] Fetching design files from 'sim_1'...
INFO: [USF-XSim-2] XSim::Compile design
INFO: [USF-XSim-61] Executing 'COMPILE and ANALYZE' step in 'C:/Users/Lucifer.dark/Desktop/fib/SingleCPU_v2.sim/sim_1/behav/xsim'
"xvlog --incr --relax -prj testbench_vlog.prj"
INFO: [VRFC 10-2263] Analyzing Verilog file "C:/Users/Lucifer.dark/Desktop/fib/SingleCPU_v2.srcs/sources_1/ip/DataMem/sim/DataMem.v" into library xil_defaultlib
INFO: [VRFC 10-311] analyzing module DataMem
INFO: [VRFC 10-2263] Analyzing Verilog file "C:/Users/Lucifer.dark/Desktop/fib/SingleCPU_v2.srcs/sources_1/ip/InsMem/sim/InsMem.v" into library xil_defaultlib
INFO: [VRFC 10-311] analyzing module InsMem
INFO: [VRFC 10-2263] Analyzing Verilog file "C:/Users/Lucifer.dark/Desktop/fib/SingleCPU_v2.srcs/sources_1/new/ALU.v" into library xil_defaultlib
INFO: [VRFC 10-311] analyzing module ALU
INFO: [VRFC 10-2263] Analyzing Verilog file "C:/Users/Lucifer.dark/Desktop/fib/SingleCPU_v2.srcs/sources_1/new/ControlUnit.v" into library xil_defaultlib
INFO: [VRFC 10-311] analyzing module ControlUnit
INFO: [VRFC 10-2263] Analyzing Verilog file "C:/Users/Lucifer.dark/Desktop/fib/SingleCPU_v2.srcs/sources_1/new/EDG.v" into library xil_defaultlib
INFO: [VRFC 10-311] analyzing module EDG
INFO: [VRFC 10-2263] Analyzing Verilog file "C:/Users/Lucifer.dark/Desktop/fib/SingleCPU_v2.srcs/sources_1/new/PC.v" into library xil_defaultlib
INFO: [VRFC 10-311] analyzing module PC
INFO: [VRFC 10-2263] Analyzing Verilog file "C:/Users/Lucifer.dark/Desktop/fib/SingleCPU_v2.srcs/sources_1/new/RegFile.v" into library xil_defaultlib
INFO: [VRFC 10-311] analyzing module RegFile
INFO: [VRFC 10-2263] Analyzing Verilog file "C:/Users/Lucifer.dark/Desktop/fib/SingleCPU_v2.srcs/sources_1/new/SingleCPU.v" into library xil_defaultlib
INFO: [VRFC 10-311] analyzing module SingleCPU
INFO: [VRFC 10-2263] Analyzing Verilog file "C:/Users/Lucifer.dark/Desktop/fib/SingleCPU_v2.srcs/sources_1/new/TransCode.v" into library xil_defaultlib
INFO: [VRFC 10-311] analyzing module InsCut
INFO: [VRFC 10-2263] Analyzing Verilog file "C:/Users/Lucifer.dark/Desktop/fib/SingleCPU_v2.srcs/sources_1/new/pcADD.v" into library xil_defaultlib
INFO: [VRFC 10-311] analyzing module pcADD
INFO: [VRFC 10-2263] Analyzing Verilog file "C:/Users/Lucifer.dark/Desktop/fib/SingleCPU_v2.srcs/sim_1/new/testbench.v" into library xil_defaultlib
INFO: [VRFC 10-311] analyzing module testbench
INFO: [VRFC 10-2263] Analyzing Verilog file "C:/Users/Lucifer.dark/Desktop/fib/SingleCPU_v2.sim/sim_1/behav/xsim/glbl.v" into library xil_defaultlib
INFO: [VRFC 10-311] analyzing module glbl
INFO: [USF-XSim-69] 'compile' step finished in '1' seconds
INFO: [USF-XSim-3] XSim::Elaborate design
INFO: [USF-XSim-61] Executing 'ELABORATE' step in 'C:/Users/Lucifer.dark/Desktop/fib/SingleCPU_v2.sim/sim_1/behav/xsim'
"xelab -wto 9c7c0806f4a448528fabfda145e40101 --incr --debug typical --relax --mt 2 -L dist_mem_gen_v8_0_13 -L xil_defaultlib -L unisims_ver -L unimacro_ver -L secureip -L xpm --snapshot testbench_behav xil_defaultlib.testbench xil_defaultlib.glbl -log elaborate.log"
Vivado Simulator 2019.1
Copyright 1986-1999, 2001-2019 Xilinx, Inc. All Rights Reserved.
Running: C:/Xilinx/Vivado/2019.1/bin/unwrapped/win64.o/xelab.exe -wto 9c7c0806f4a448528fabfda145e40101 --incr --debug typical --relax --mt 2 -L dist_mem_gen_v8_0_13 -L xil_defaultlib -L unisims_ver -L unimacro_ver -L secureip -L xpm --snapshot testbench_behav xil_defaultlib.testbench xil_defaultlib.glbl -log elaborate.log 
Using 2 slave threads.
Starting static elaboration
Completed static elaboration
Starting simulation data flow analysis
Completed simulation data flow analysis
Time Resolution for simulation is 1ps
Compiling module xil_defaultlib.EDG
Compiling module xil_defaultlib.InsCut
Compiling module xil_defaultlib.ControlUnit
Compiling module xil_defaultlib.pcADD
Compiling module xil_defaultlib.PC
Compiling module xil_defaultlib.RegFile
Compiling module xil_defaultlib.ALU
Compiling module dist_mem_gen_v8_0_13.dist_mem_gen_v8_0_13(C_FAMILY="a...
Compiling module xil_defaultlib.InsMem
Compiling module dist_mem_gen_v8_0_13.dist_mem_gen_v8_0_13(C_FAMILY="a...
Compiling module xil_defaultlib.DataMem
Compiling module xil_defaultlib.SingleCPU
Compiling module xil_defaultlib.testbench
Compiling module xil_defaultlib.glbl
Built simulation snapshot testbench_behav

****** Webtalk v2019.1 (64-bit)
  **** SW Build 2552052 on Fri May 24 14:49:42 MDT 2019
  **** IP Build 2548770 on Fri May 24 18:01:18 MDT 2019
    ** Copyright 1986-2019 Xilinx, Inc. All Rights Reserved.

source C:/Users/Lucifer.dark/Desktop/fib/SingleCPU_v2.sim/sim_1/behav/xsim/xsim.dir/testbench_behav/webtalk/xsim_webtalk.tcl -notrace
webtalk_transmit: Time (s): cpu = 00:00:00 ; elapsed = 00:00:07 . Memory (MB): peak = 109.512 ; gain = 17.844
INFO: [Common 17-206] Exiting Webtalk at Thu Jul  9 22:33:33 2020...
run_program: Time (s): cpu = 00:00:00 ; elapsed = 00:00:12 . Memory (MB): peak = 792.605 ; gain = 0.000
INFO: [USF-XSim-69] 'elaborate' step finished in '12' seconds
INFO: [USF-XSim-4] XSim::Simulate design
INFO: [USF-XSim-61] Executing 'SIMULATE' step in 'C:/Users/Lucifer.dark/Desktop/fib/SingleCPU_v2.sim/sim_1/behav/xsim'
INFO: [USF-XSim-98] *** Running xsim
   with args "testbench_behav -key {Behavioral:sim_1:Functional:testbench} -tclbatch {testbench.tcl} -view {C:/Users/Lucifer.dark/Desktop/fib/testbench_behav.wcfg} -log {simulate.log}"
INFO: [USF-XSim-8] Loading simulator feature
Vivado Simulator 2019.1
Time resolution is 1 ps
open_wave_config C:/Users/Lucifer.dark/Desktop/fib/testbench_behav.wcfg
source testbench.tcl
# set curr_wave [current_wave_config]
# if { [string length $curr_wave] == 0 } {
#   if { [llength [get_objects]] > 0} {
#     add_wave /
#     set_property needs_save false [current_wave_config]
#   } else {
#      send_msg_id Add_Wave-1 WARNING "No top level signals found. Simulator will start without a wave window. If you want to open a wave window go to 'File->New Waveform Configuration' or type 'create_wave_config' in the TCL console."
#   }
# }
# run 1000ns
WARNING: This core is supplied with a behavioral model. To model cycle-accurate behavior you must run timing simulation.
WARNING: This core is supplied with a behavioral model. To model cycle-accurate behavior you must run timing simulation.
INFO: [USF-XSim-96] XSim completed. Design snapshot 'testbench_behav' loaded.
INFO: [USF-XSim-97] XSim simulation ran for 1000ns
launch_simulation: Time (s): cpu = 00:00:08 ; elapsed = 00:00:21 . Memory (MB): peak = 793.195 ; gain = 20.184
close_sim
INFO: [Simtcl 6-16] Simulation closed
close_sim: Time (s): cpu = 00:00:02 ; elapsed = 00:00:10 . Memory (MB): peak = 802.992 ; gain = 9.797
exit
INFO: [Common 17-206] Exiting Vivado at Thu Jul  9 22:36:40 2020...
