INFO: [VRFC 10-2263] Analyzing Verilog file "C:/Users/Lucifer.dark/Desktop/Lab05/Lab05.srcs/sources_1/ip/DMem/sim/DMem.v" into library xil_defaultlib
INFO: [VRFC 10-311] analyzing module DMem
INFO: [VRFC 10-2263] Analyzing Verilog file "C:/Users/Lucifer.dark/Desktop/Lab05/Lab05.srcs/sources_1/ip/IMem/sim/IMem.v" into library xil_defaultlib
INFO: [VRFC 10-311] analyzing module IMem
INFO: [VRFC 10-2263] Analyzing Verilog file "C:/Users/Lucifer.dark/Desktop/Lab05/Lab05.srcs/sources_1/new/EXMEM.v" into library xil_defaultlib
INFO: [VRFC 10-311] analyzing module EXMEM
INFO: [VRFC 10-2263] Analyzing Verilog file "C:/Users/Lucifer.dark/Desktop/Lab05/Lab05.srcs/sources_1/new/IDEX.v" into library xil_defaultlib
INFO: [VRFC 10-311] analyzing module IDEX
INFO: [VRFC 10-2263] Analyzing Verilog file "C:/Users/Lucifer.dark/Desktop/Lab05/Lab05.srcs/sources_1/new/IFID.v" into library xil_defaultlib
INFO: [VRFC 10-311] analyzing module IFID
INFO: [VRFC 10-2263] Analyzing Verilog file "C:/Users/Lucifer.dark/Desktop/Lab05/Lab05.srcs/sources_1/new/MEMWB.v" into library xil_defaultlib
INFO: [VRFC 10-311] analyzing module MEMWB
INFO: [VRFC 10-2263] Analyzing Verilog file "C:/Users/Lucifer.dark/Desktop/Lab05/Lab05.srcs/sources_1/new/alu.v" into library xil_defaultlib
INFO: [VRFC 10-311] analyzing module alu
INFO: [VRFC 10-2263] Analyzing Verilog file "C:/Users/Lucifer.dark/Desktop/Lab05/Lab05.srcs/sources_1/new/compare.v" into library xil_defaultlib
INFO: [VRFC 10-311] analyzing module compare
INFO: [VRFC 10-2263] Analyzing Verilog file "C:/Users/Lucifer.dark/Desktop/Lab05/Lab05.srcs/sources_1/new/control.v" into library xil_defaultlib
INFO: [VRFC 10-311] analyzing module control
INFO: [VRFC 10-2263] Analyzing Verilog file "C:/Users/Lucifer.dark/Desktop/Lab05/Lab05.srcs/sources_1/new/dff.v" into library xil_defaultlib
INFO: [VRFC 10-311] analyzing module dff
INFO: [VRFC 10-2263] Analyzing Verilog file "C:/Users/Lucifer.dark/Desktop/Lab05/Lab05.srcs/sources_1/new/forward.v" into library xil_defaultlib
INFO: [VRFC 10-311] analyzing module forward
INFO: [VRFC 10-2263] Analyzing Verilog file "C:/Users/Lucifer.dark/Desktop/Lab05/Lab05.srcs/sources_1/new/hazard.v" into library xil_defaultlib
INFO: [VRFC 10-311] analyzing module hazard
INFO: [VRFC 10-2263] Analyzing Verilog file "C:/Users/Lucifer.dark/Desktop/Lab05/Lab05.srcs/sources_1/new/mux.v" into library xil_defaultlib
INFO: [VRFC 10-311] analyzing module mux
INFO: [VRFC 10-2263] Analyzing Verilog file "C:/Users/Lucifer.dark/Desktop/Lab05/Lab05.srcs/sources_1/new/mux4.v" into library xil_defaultlib
INFO: [VRFC 10-311] analyzing module mux4
INFO: [VRFC 10-2263] Analyzing Verilog file "C:/Users/Lucifer.dark/Desktop/Lab05/Lab05.srcs/sources_1/new/regfile.v" into library xil_defaultlib
INFO: [VRFC 10-311] analyzing module regfile
INFO: [VRFC 10-2263] Analyzing Verilog file "C:/Users/Lucifer.dark/Desktop/Lab05/Lab05.srcs/sources_1/new/top.v" into library xil_defaultlib
INFO: [VRFC 10-311] analyzing module top
INFO: [VRFC 10-2263] Analyzing Verilog file "C:/Users/Lucifer.dark/Desktop/Lab05/Lab05.srcs/sim_1/new/test.v" into library xil_defaultlib
INFO: [VRFC 10-311] analyzing module test
