#-----------------------------------------------------------
# Vivado v2019.1 (64-bit)
# SW Build 2552052 on Fri May 24 14:49:42 MDT 2019
# IP Build 2548770 on Fri May 24 18:01:18 MDT 2019
# Start of session at: Thu Jun  4 01:27:27 2020
# Process ID: 18332
# Current directory: C:/Users/Lucifer.dark/Desktop/Lab05/Lab05.sim/sim_1/behav/xsim
# Command line: vivado.exe -gui_launcher_event rodinguilauncherevent19932 C:\Users\Lucifer.dark\Desktop\Lab05\Lab05.sim\sim_1\behav\xsim\test_behav.wdb
# Log file: C:/Users/Lucifer.dark/Desktop/Lab05/Lab05.sim/sim_1/behav/xsim/vivado.log
# Journal file: C:/Users/Lucifer.dark/Desktop/Lab05/Lab05.sim/sim_1/behav/xsim\vivado.jou
#-----------------------------------------------------------
start_gui
open_wave_database {C:\Users\Lucifer.dark\Desktop\Lab05\Lab05.sim\sim_1\behav\xsim\test_behav.wdb}
INFO: [IP_Flow 19-234] Refreshing IP repositories
INFO: [IP_Flow 19-1704] No user IP repositories specified
INFO: [IP_Flow 19-2313] Loaded Vivado IP repository 'C:/Xilinx/Vivado/2019.1/data/ip'.
close_sim
INFO: [Simtcl 6-16] Simulation closed
exit
INFO: [Common 17-206] Exiting Vivado at Thu Jun  4 01:27:49 2020...
ed
close_sim
INFO: [Simtcl 6-16] Simulation closed
exit
INFO: [Common 17-206] Exiting Vivado at Thu Jun  4 01:27:44 2020...
