Vivado Simulator 2019.1
Copyright 1986-1999, 2001-2019 Xilinx, Inc. All Rights Reserved.
Running: C:/Xilinx/Vivado/2019.1/bin/unwrapped/win64.o/xelab.exe -wto 04958e1f2afc43b293dce69956b831f8 --incr --debug typical --relax --mt 2 -L dist_mem_gen_v8_0_13 -L xil_defaultlib -L unisims_ver -L unimacro_ver -L secureip -L xpm --snapshot DBU_test_behav xil_defaultlib.DBU_test xil_defaultlib.glbl -log elaborate.log 
Using 2 slave threads.
Starting static elaboration
WARNING: [VRFC 10-3091] actual bit length 9 differs from formal bit length 32 for port 'a' [C:/Users/Lucifer.dark/Desktop/Lab04/Lab04.srcs/sources_1/new/CPU.v:98]
WARNING: [VRFC 10-3091] actual bit length 5 differs from formal bit length 32 for port 'a' [C:/Users/Lucifer.dark/Desktop/Lab04/Lab04.srcs/sources_1/new/CPU.v:99]
Completed static elaboration
Starting simulation data flow analysis
Completed simulation data flow analysis
Time Resolution for simulation is 1ps
Compiling module xil_defaultlib.Jitter_clr
Compiling module xil_defaultlib.EDG
Compiling module dist_mem_gen_v8_0_13.dist_mem_gen_v8_0_13(C_FAMILY="a...
Compiling module xil_defaultlib.Mem
Compiling module xil_defaultlib.RF
Compiling module xil_defaultlib.ALU
Compiling module xil_defaultlib.Control
Compiling module xil_defaultlib.ALUControl
Compiling module xil_defaultlib.MUX_2
Compiling module xil_defaultlib.MUX_4
Compiling module xil_defaultlib.MUX_3
Compiling module xil_defaultlib.CPU
Compiling module xil_defaultlib.DBU
Compiling module xil_defaultlib.DBU_test
Compiling module xil_defaultlib.glbl
Built simulation snapshot DBU_test_behav
