#-----------------------------------------------------------
# Vivado v2019.1 (64-bit)
# SW Build 2552052 on Fri May 24 14:49:42 MDT 2019
# IP Build 2548770 on Fri May 24 18:01:18 MDT 2019
# Start of session at: Thu May  7 21:48:15 2020
# Process ID: 15284
# Current directory: C:/Users/Lucifer.dark/Desktop/Lab02
# Command line: vivado.exe -gui_launcher_event rodinguilauncherevent9972 C:\Users\Lucifer.dark\Desktop\Lab02\Lab02.xpr
# Log file: C:/Users/Lucifer.dark/Desktop/Lab02/vivado.log
# Journal file: C:/Users/Lucifer.dark/Desktop/Lab02\vivado.jou
#-----------------------------------------------------------
start_gui
open_project C:/Users/Lucifer.dark/Desktop/Lab02/Lab02.xpr
Scanning sources...
Finished scanning sources
INFO: [IP_Flow 19-234] Refreshing IP repositories
INFO: [IP_Flow 19-1704] No user IP repositories specified
INFO: [IP_Flow 19-2313] Loaded Vivado IP repository 'C:/Xilinx/Vivado/2019.1/data/ip'.
update_compile_order -fileset sources_1
set_property top register_file_test [get_filesets sim_1]
set_property top_lib xil_defaultlib [get_filesets sim_1]
update_compile_order -fileset sim_1
launch_simulation
INFO: [Vivado 12-5698] Checking validity of IPs in the design for the 'XSim' simulator...
INFO: [Vivado 12-5682] Launching behavioral simulation in 'C:/Users/Lucifer.dark/Desktop/Lab02/Lab02.sim/sim_1/behav/xsim'
INFO: [Vivado 12-4795] Using compiled simulation libraries for IPs
INFO: [SIM-utils-51] Simulation object is 'sim_1'
INFO: [USF-XSim-7] Finding pre-compiled libraries...
INFO: [USF-XSim-11] File 'C:/Xilinx/Vivado/2019.1/data/xsim/xsim.ini' copied to run dir:'C:/Users/Lucifer.dark/Desktop/Lab02/Lab02.sim/sim_1/behav/xsim'
INFO: [SIM-utils-54] Inspecting design source files for 'register_file_test' in fileset 'sim_1'...
INFO: [USF-XSim-97] Finding global include files...
INFO: [USF-XSim-98] Fetching design files from 'sim_1'...
INFO: [USF-XSim-2] XSim::Compile design
INFO: [USF-XSim-61] Executing 'COMPILE and ANALYZE' step in 'C:/Users/Lucifer.dark/Desktop/Lab02/Lab02.sim/sim_1/behav/xsim'
"xvlog --incr --relax -prj register_file_test_vlog.prj"
INFO: [VRFC 10-2263] Analyzing Verilog file "C:/Users/Lucifer.dark/Desktop/Lab02/Lab02.srcs/sources_1/new/register_file.v" into library xil_defaultlib
INFO: [VRFC 10-311] analyzing module register_file
INFO: [VRFC 10-2263] Analyzing Verilog file "C:/Users/Lucifer.dark/Desktop/Lab02/Lab02.srcs/sim_1/new/register_file_test.v" into library xil_defaultlib
INFO: [VRFC 10-311] analyzing module register_file_test
INFO: [USF-XSim-69] 'compile' step finished in '2' seconds
INFO: [USF-XSim-3] XSim::Elaborate design
INFO: [USF-XSim-61] Executing 'ELABORATE' step in 'C:/Users/Lucifer.dark/Desktop/Lab02/Lab02.sim/sim_1/behav/xsim'
"xelab -wto c3a63cae0b1046ab873cb8969bb7022d --incr --debug typical --relax --mt 2 -L xil_defaultlib -L unisims_ver -L unimacro_ver -L secureip -L xpm --snapshot register_file_test_behav xil_defaultlib.register_file_test xil_defaultlib.glbl -log elaborate.log"
Vivado Simulator 2019.1
Copyright 1986-1999, 2001-2019 Xilinx, Inc. All Rights Reserved.
Running: C:/Xilinx/Vivado/2019.1/bin/unwrapped/win64.o/xelab.exe -wto c3a63cae0b1046ab873cb8969bb7022d --incr --debug typical --relax --mt 2 -L xil_defaultlib -L unisims_ver -L unimacro_ver -L secureip -L xpm --snapshot register_file_test_behav xil_defaultlib.register_file_test xil_defaultlib.glbl -log elaborate.log 
Using 2 slave threads.
Starting static elaboration
Completed static elaboration
Starting simulation data flow analysis
Completed simulation data flow analysis
Time Resolution for simulation is 1ps
Compiling module xil_defaultlib.register_file
Compiling module xil_defaultlib.register_file_test
Compiling module xil_defaultlib.glbl
Built simulation snapshot register_file_test_behav

****** Webtalk v2019.1 (64-bit)
  **** SW Build 2552052 on Fri May 24 14:49:42 MDT 2019
  **** IP Build 2548770 on Fri May 24 18:01:18 MDT 2019
    ** Copyright 1986-2019 Xilinx, Inc. All Rights Reserved.

source C:/Users/Lucifer.dark/Desktop/Lab02/Lab02.sim/sim_1/behav/xsim/xsim.dir/register_file_test_behav/webtalk/xsim_webtalk.tcl -notrace
INFO: [Common 17-186] 'C:/Users/Lucifer.dark/Desktop/Lab02/Lab02.sim/sim_1/behav/xsim/xsim.dir/register_file_test_behav/webtalk/usage_statistics_ext_xsim.xml' has been successfully sent to Xilinx on Thu May  7 21:49:08 2020. For additional details about this file, please refer to the WebTalk help file at C:/Xilinx/Vivado/2019.1/doc/webtalk_introduction.html.
webtalk_transmit: Time (s): cpu = 00:00:00 ; elapsed = 00:00:06 . Memory (MB): peak = 109.109 ; gain = 17.461
INFO: [Common 17-206] Exiting Webtalk at Thu May  7 21:49:08 2020...
run_program: Time (s): cpu = 00:00:00 ; elapsed = 00:00:09 . Memory (MB): peak = 763.027 ; gain = 0.000
INFO: [USF-XSim-69] 'elaborate' step finished in '8' seconds
INFO: [USF-XSim-4] XSim::Simulate design
INFO: [USF-XSim-61] Executing 'SIMULATE' step in 'C:/Users/Lucifer.dark/Desktop/Lab02/Lab02.sim/sim_1/behav/xsim'
INFO: [USF-XSim-98] *** Running xsim
   with args "register_file_test_behav -key {Behavioral:sim_1:Functional:register_file_test} -tclbatch {register_file_test.tcl} -log {simulate.log}"
INFO: [USF-XSim-8] Loading simulator feature
Vivado Simulator 2019.1
Time resolution is 1 ps
source register_file_test.tcl
# set curr_wave [current_wave_config]
# if { [string length $curr_wave] == 0 } {
#   if { [llength [get_objects]] > 0} {
#     add_wave /
#     set_property needs_save false [current_wave_config]
#   } else {
#      send_msg_id Add_Wave-1 WARNING "No top level signals found. Simulator will start without a wave window. If you want to open a wave window go to 'File->New Waveform Configuration' or type 'create_wave_config' in the TCL console."
#   }
# }
# run 1000ns
$finish called at time : 100 ns : File "C:/Users/Lucifer.dark/Desktop/Lab02/Lab02.srcs/sim_1/new/register_file_test.v" Line 76
INFO: [USF-XSim-96] XSim completed. Design snapshot 'register_file_test_behav' loaded.
INFO: [USF-XSim-97] XSim simulation ran for 1000ns
launch_simulation: Time (s): cpu = 00:00:10 ; elapsed = 00:00:14 . Memory (MB): peak = 789.676 ; gain = 26.648
close_sim
INFO: [Simtcl 6-16] Simulation closed
close_sim: Time (s): cpu = 00:00:03 ; elapsed = 00:00:11 . Memory (MB): peak = 791.531 ; gain = 0.000
exit
INFO: [Common 17-206] Exiting Vivado at Thu May  7 21:49:51 2020...
