#-----------------------------------------------------------
# Vivado v2019.1 (64-bit)
# SW Build 2552052 on Fri May 24 14:49:42 MDT 2019
# IP Build 2548770 on Fri May 24 18:01:18 MDT 2019
# Start of session at: Wed May  6 14:41:37 2020
# Process ID: 14404
# Current directory: C:/Users/Lucifer.dark/Desktop/Lab02
# Command line: vivado.exe -gui_launcher_event rodinguilauncherevent17576 C:\Users\Lucifer.dark\Desktop\Lab02\Lab02.xpr
# Log file: C:/Users/Lucifer.dark/Desktop/Lab02/vivado.log
# Journal file: C:/Users/Lucifer.dark/Desktop/Lab02\vivado.jou
#-----------------------------------------------------------
start_gui
open_project C:/Users/Lucifer.dark/Desktop/Lab02/Lab02.xpr
Scanning sources...
Finished scanning sources
INFO: [IP_Flow 19-234] Refreshing IP repositories
INFO: [IP_Flow 19-1704] No user IP repositories specified
INFO: [IP_Flow 19-2313] Loaded Vivado IP repository 'C:/Xilinx/Vivado/2019.1/data/ip'.
update_compile_order -fileset sources_1
launch_simulation
INFO: [Vivado 12-5698] Checking validity of IPs in the design for the 'XSim' simulator...
INFO: [Vivado 12-5682] Launching behavioral simulation in 'C:/Users/Lucifer.dark/Desktop/Lab02/Lab02.sim/sim_1/behav/xsim'
INFO: [Vivado 12-4795] Using compiled simulation libraries for IPs
INFO: [SIM-utils-51] Simulation object is 'sim_1'
INFO: [USF-XSim-7] Finding pre-compiled libraries...
INFO: [USF-XSim-11] File 'C:/Xilinx/Vivado/2019.1/data/xsim/xsim.ini' copied to run dir:'C:/Users/Lucifer.dark/Desktop/Lab02/Lab02.sim/sim_1/behav/xsim'
INFO: [SIM-utils-54] Inspecting design source files for 'register_file_test' in fileset 'sim_1'...
INFO: [USF-XSim-97] Finding global include files...
INFO: [USF-XSim-98] Fetching design files from 'sim_1'...
INFO: [USF-XSim-2] XSim::Compile design
INFO: [USF-XSim-61] Executing 'COMPILE and ANALYZE' step in 'C:/Users/Lucifer.dark/Desktop/Lab02/Lab02.sim/sim_1/behav/xsim'
"xvlog --incr --relax -prj register_file_test_vlog.prj"
INFO: [USF-XSim-69] 'compile' step finished in '1' seconds
INFO: [USF-XSim-3] XSim::Elaborate design
INFO: [USF-XSim-61] Executing 'ELABORATE' step in 'C:/Users/Lucifer.dark/Desktop/Lab02/Lab02.sim/sim_1/behav/xsim'
"xelab -wto c3a63cae0b1046ab873cb8969bb7022d --incr --debug typical --relax --mt 2 -L xil_defaultlib -L unisims_ver -L unimacro_ver -L secureip -L xpm --snapshot register_file_test_behav xil_defaultlib.register_file_test xil_defaultlib.glbl -log elaborate.log"
Vivado Simulator 2019.1
Copyright 1986-1999, 2001-2019 Xilinx, Inc. All Rights Reserved.
Running: C:/Xilinx/Vivado/2019.1/bin/unwrapped/win64.o/xelab.exe -wto c3a63cae0b1046ab873cb8969bb7022d --incr --debug typical --relax --mt 2 -L xil_defaultlib -L unisims_ver -L unimacro_ver -L secureip -L xpm --snapshot register_file_test_behav xil_defaultlib.register_file_test xil_defaultlib.glbl -log elaborate.log 
Using 2 slave threads.
Starting static elaboration
Completed static elaboration
INFO: [XSIM 43-4323] No Change in HDL. Linking previously generated obj files to create kernel
INFO: [USF-XSim-69] 'elaborate' step finished in '1' seconds
INFO: [USF-XSim-4] XSim::Simulate design
INFO: [USF-XSim-61] Executing 'SIMULATE' step in 'C:/Users/Lucifer.dark/Desktop/Lab02/Lab02.sim/sim_1/behav/xsim'
INFO: [USF-XSim-98] *** Running xsim
   with args "register_file_test_behav -key {Behavioral:sim_1:Functional:register_file_test} -tclbatch {register_file_test.tcl} -log {simulate.log}"
INFO: [USF-XSim-8] Loading simulator feature
Vivado Simulator 2019.1
Time resolution is 1 ps
source register_file_test.tcl
# set curr_wave [current_wave_config]
# if { [string length $curr_wave] == 0 } {
#   if { [llength [get_objects]] > 0} {
#     add_wave /
#     set_property needs_save false [current_wave_config]
#   } else {
#      send_msg_id Add_Wave-1 WARNING "No top level signals found. Simulator will start without a wave window. If you want to open a wave window go to 'File->New Waveform Configuration' or type 'create_wave_config' in the TCL console."
#   }
# }
# run 1000ns
$finish called at time : 100 ns : File "C:/Users/Lucifer.dark/Desktop/Lab02/Lab02.srcs/sim_1/new/register_file_test.v" Line 74
INFO: [USF-XSim-96] XSim completed. Design snapshot 'register_file_test_behav' loaded.
INFO: [USF-XSim-97] XSim simulation ran for 1000ns
launch_simulation: Time (s): cpu = 00:00:08 ; elapsed = 00:00:07 . Memory (MB): peak = 823.902 ; gain = 25.941
relaunch_sim
INFO: [Vivado 12-5698] Checking validity of IPs in the design for the 'XSim' simulator...
INFO: [Vivado 12-5682] Launching behavioral simulation in 'C:/Users/Lucifer.dark/Desktop/Lab02/Lab02.sim/sim_1/behav/xsim'
INFO: [Vivado 12-4795] Using compiled simulation libraries for IPs
INFO: [SIM-utils-51] Simulation object is 'sim_1'
INFO: [USF-XSim-7] Finding pre-compiled libraries...
INFO: [USF-XSim-11] File 'C:/Xilinx/Vivado/2019.1/data/xsim/xsim.ini' copied to run dir:'C:/Users/Lucifer.dark/Desktop/Lab02/Lab02.sim/sim_1/behav/xsim'
INFO: [SIM-utils-54] Inspecting design source files for 'register_file_test' in fileset 'sim_1'...
INFO: [USF-XSim-97] Finding global include files...
INFO: [USF-XSim-98] Fetching design files from 'sim_1'...
INFO: [USF-XSim-2] XSim::Compile design
INFO: [USF-XSim-61] Executing 'COMPILE and ANALYZE' step in 'C:/Users/Lucifer.dark/Desktop/Lab02/Lab02.sim/sim_1/behav/xsim'
"xvlog --incr --relax -prj register_file_test_vlog.prj"
INFO: [USF-XSim-69] 'compile' step finished in '1' seconds
INFO: [Vivado 12-5698] Checking validity of IPs in the design for the 'XSim' simulator...
INFO: [Vivado 12-5682] Launching behavioral simulation in 'C:/Users/Lucifer.dark/Desktop/Lab02/Lab02.sim/sim_1/behav/xsim'
INFO: [Vivado 12-4795] Using compiled simulation libraries for IPs
INFO: [USF-XSim-3] XSim::Elaborate design
INFO: [USF-XSim-61] Executing 'ELABORATE' step in 'C:/Users/Lucifer.dark/Desktop/Lab02/Lab02.sim/sim_1/behav/xsim'
"xelab -wto c3a63cae0b1046ab873cb8969bb7022d --incr --debug typical --relax --mt 2 -L xil_defaultlib -L unisims_ver -L unimacro_ver -L secureip -L xpm --snapshot register_file_test_behav xil_defaultlib.register_file_test xil_defaultlib.glbl -log elaborate.log"
Vivado Simulator 2019.1
Copyright 1986-1999, 2001-2019 Xilinx, Inc. All Rights Reserved.
Running: C:/Xilinx/Vivado/2019.1/bin/unwrapped/win64.o/xelab.exe -wto c3a63cae0b1046ab873cb8969bb7022d --incr --debug typical --relax --mt 2 -L xil_defaultlib -L unisims_ver -L unimacro_ver -L secureip -L xpm --snapshot register_file_test_behav xil_defaultlib.register_file_test xil_defaultlib.glbl -log elaborate.log 
Using 2 slave threads.
Starting static elaboration
Completed static elaboration
INFO: [XSIM 43-4323] No Change in HDL. Linking previously generated obj files to create kernel
INFO: [USF-XSim-69] 'elaborate' step finished in '2' seconds
Vivado Simulator 2019.1
Time resolution is 1 ps
$finish called at time : 100 ns : File "C:/Users/Lucifer.dark/Desktop/Lab02/Lab02.srcs/sim_1/new/register_file_test.v" Line 74
relaunch_sim: Time (s): cpu = 00:00:02 ; elapsed = 00:00:06 . Memory (MB): peak = 823.902 ; gain = 0.000
run all
run: Time (s): cpu = 00:00:20 ; elapsed = 00:00:17 . Memory (MB): peak = 823.902 ; gain = 0.000
relaunch_sim
INFO: [Vivado 12-5698] Checking validity of IPs in the design for the 'XSim' simulator...
INFO: [Vivado 12-5682] Launching behavioral simulation in 'C:/Users/Lucifer.dark/Desktop/Lab02/Lab02.sim/sim_1/behav/xsim'
INFO: [Vivado 12-4795] Using compiled simulation libraries for IPs
INFO: [SIM-utils-51] Simulation object is 'sim_1'
INFO: [USF-XSim-7] Finding pre-compiled libraries...
INFO: [USF-XSim-11] File 'C:/Xilinx/Vivado/2019.1/data/xsim/xsim.ini' copied to run dir:'C:/Users/Lucifer.dark/Desktop/Lab02/Lab02.sim/sim_1/behav/xsim'
INFO: [SIM-utils-54] Inspecting design source files for 'register_file_test' in fileset 'sim_1'...
INFO: [USF-XSim-97] Finding global include files...
INFO: [USF-XSim-98] Fetching design files from 'sim_1'...
INFO: [USF-XSim-2] XSim::Compile design
INFO: [USF-XSim-61] Executing 'COMPILE and ANALYZE' step in 'C:/Users/Lucifer.dark/Desktop/Lab02/Lab02.sim/sim_1/behav/xsim'
"xvlog --incr --relax -prj register_file_test_vlog.prj"
INFO: [USF-XSim-69] 'compile' step finished in '1' seconds
INFO: [Vivado 12-5698] Checking validity of IPs in the design for the 'XSim' simulator...
INFO: [Vivado 12-5682] Launching behavioral simulation in 'C:/Users/Lucifer.dark/Desktop/Lab02/Lab02.sim/sim_1/behav/xsim'
INFO: [Vivado 12-4795] Using compiled simulation libraries for IPs
INFO: [USF-XSim-3] XSim::Elaborate design
INFO: [USF-XSim-61] Executing 'ELABORATE' step in 'C:/Users/Lucifer.dark/Desktop/Lab02/Lab02.sim/sim_1/behav/xsim'
"xelab -wto c3a63cae0b1046ab873cb8969bb7022d --incr --debug typical --relax --mt 2 -L xil_defaultlib -L unisims_ver -L unimacro_ver -L secureip -L xpm --snapshot register_file_test_behav xil_defaultlib.register_file_test xil_defaultlib.glbl -log elaborate.log"
Vivado Simulator 2019.1
Copyright 1986-1999, 2001-2019 Xilinx, Inc. All Rights Reserved.
Running: C:/Xilinx/Vivado/2019.1/bin/unwrapped/win64.o/xelab.exe -wto c3a63cae0b1046ab873cb8969bb7022d --incr --debug typical --relax --mt 2 -L xil_defaultlib -L unisims_ver -L unimacro_ver -L secureip -L xpm --snapshot register_file_test_behav xil_defaultlib.register_file_test xil_defaultlib.glbl -log elaborate.log 
Using 2 slave threads.
Starting static elaboration
Completed static elaboration
INFO: [XSIM 43-4323] No Change in HDL. Linking previously generated obj files to create kernel
INFO: [USF-XSim-69] 'elaborate' step finished in '2' seconds
Vivado Simulator 2019.1
Time resolution is 1 ps
$finish called at time : 100 ns : File "C:/Users/Lucifer.dark/Desktop/Lab02/Lab02.srcs/sim_1/new/register_file_test.v" Line 74
relaunch_sim: Time (s): cpu = 00:00:02 ; elapsed = 00:00:06 . Memory (MB): peak = 823.902 ; gain = 0.000
relaunch_sim
ERROR: [Common 17-180] Spawn failed: No error
ERROR: [Common 17-39] 'suspend_sim' failed due to earlier errors.
INFO: [Common 17-17] undo 'relaunch_sim'
INFO: [Common 17-17] undo 'relaunch_sim'
ERROR: [Common 17-69] Command failed: ERROR: [Common 17-39] 'suspend_sim' failed due to earlier errors.

update_compile_order -fileset sim_1
update_compile_order -fileset sim_1
relaunch_sim
INFO: [Vivado 12-5698] Checking validity of IPs in the design for the 'XSim' simulator...
INFO: [Vivado 12-5682] Launching behavioral simulation in 'C:/Users/Lucifer.dark/Desktop/Lab02/Lab02.sim/sim_1/behav/xsim'
INFO: [Vivado 12-4795] Using compiled simulation libraries for IPs
INFO: [SIM-utils-51] Simulation object is 'sim_1'
INFO: [USF-XSim-7] Finding pre-compiled libraries...
INFO: [USF-XSim-11] File 'C:/Xilinx/Vivado/2019.1/data/xsim/xsim.ini' copied to run dir:'C:/Users/Lucifer.dark/Desktop/Lab02/Lab02.sim/sim_1/behav/xsim'
INFO: [SIM-utils-54] Inspecting design source files for 'register_file_test' in fileset 'sim_1'...
INFO: [USF-XSim-97] Finding global include files...
INFO: [USF-XSim-98] Fetching design files from 'sim_1'...
INFO: [USF-XSim-2] XSim::Compile design
INFO: [USF-XSim-61] Executing 'COMPILE and ANALYZE' step in 'C:/Users/Lucifer.dark/Desktop/Lab02/Lab02.sim/sim_1/behav/xsim'
"xvlog --incr --relax -prj register_file_test_vlog.prj"
INFO: [VRFC 10-2263] Analyzing Verilog file "C:/Users/Lucifer.dark/Desktop/Lab02/Lab02.srcs/sources_1/new/register_file.v" into library xil_defaultlib
INFO: [VRFC 10-311] analyzing module register_file
INFO: [VRFC 10-2263] Analyzing Verilog file "C:/Users/Lucifer.dark/Desktop/Lab02/Lab02.srcs/sim_1/new/register_file_test.v" into library xil_defaultlib
INFO: [VRFC 10-311] analyzing module register_file_test
INFO: [USF-XSim-69] 'compile' step finished in '1' seconds
INFO: [Vivado 12-5698] Checking validity of IPs in the design for the 'XSim' simulator...
INFO: [Vivado 12-5682] Launching behavioral simulation in 'C:/Users/Lucifer.dark/Desktop/Lab02/Lab02.sim/sim_1/behav/xsim'
INFO: [Vivado 12-4795] Using compiled simulation libraries for IPs
INFO: [USF-XSim-3] XSim::Elaborate design
INFO: [USF-XSim-61] Executing 'ELABORATE' step in 'C:/Users/Lucifer.dark/Desktop/Lab02/Lab02.sim/sim_1/behav/xsim'
"xelab -wto c3a63cae0b1046ab873cb8969bb7022d --incr --debug typical --relax --mt 2 -L xil_defaultlib -L unisims_ver -L unimacro_ver -L secureip -L xpm --snapshot register_file_test_behav xil_defaultlib.register_file_test xil_defaultlib.glbl -log elaborate.log"
Vivado Simulator 2019.1
Copyright 1986-1999, 2001-2019 Xilinx, Inc. All Rights Reserved.
Running: C:/Xilinx/Vivado/2019.1/bin/unwrapped/win64.o/xelab.exe -wto c3a63cae0b1046ab873cb8969bb7022d --incr --debug typical --relax --mt 2 -L xil_defaultlib -L unisims_ver -L unimacro_ver -L secureip -L xpm --snapshot register_file_test_behav xil_defaultlib.register_file_test xil_defaultlib.glbl -log elaborate.log 
Using 2 slave threads.
Starting static elaboration
Completed static elaboration
Starting simulation data flow analysis
Completed simulation data flow analysis
Time Resolution for simulation is 1ps
Compiling module xil_defaultlib.register_file
Compiling module xil_defaultlib.register_file_test
Compiling module xil_defaultlib.glbl
Built simulation snapshot register_file_test_behav
INFO: [USF-XSim-69] 'elaborate' step finished in '2' seconds
Vivado Simulator 2019.1
Time resolution is 1 ps
$finish called at time : 100 ns : File "C:/Users/Lucifer.dark/Desktop/Lab02/Lab02.srcs/sim_1/new/register_file_test.v" Line 74
relaunch_sim: Time (s): cpu = 00:00:01 ; elapsed = 00:00:05 . Memory (MB): peak = 847.227 ; gain = 0.000
run all
run: Time (s): cpu = 00:00:08 ; elapsed = 00:00:08 . Memory (MB): peak = 861.859 ; gain = 0.000
relaunch_sim
INFO: [Vivado 12-5698] Checking validity of IPs in the design for the 'XSim' simulator...
INFO: [Vivado 12-5682] Launching behavioral simulation in 'C:/Users/Lucifer.dark/Desktop/Lab02/Lab02.sim/sim_1/behav/xsim'
INFO: [Vivado 12-4795] Using compiled simulation libraries for IPs
INFO: [SIM-utils-51] Simulation object is 'sim_1'
INFO: [USF-XSim-7] Finding pre-compiled libraries...
INFO: [USF-XSim-11] File 'C:/Xilinx/Vivado/2019.1/data/xsim/xsim.ini' copied to run dir:'C:/Users/Lucifer.dark/Desktop/Lab02/Lab02.sim/sim_1/behav/xsim'
INFO: [SIM-utils-54] Inspecting design source files for 'register_file_test' in fileset 'sim_1'...
INFO: [USF-XSim-97] Finding global include files...
INFO: [USF-XSim-98] Fetching design files from 'sim_1'...
INFO: [USF-XSim-2] XSim::Compile design
INFO: [USF-XSim-61] Executing 'COMPILE and ANALYZE' step in 'C:/Users/Lucifer.dark/Desktop/Lab02/Lab02.sim/sim_1/behav/xsim'
"xvlog --incr --relax -prj register_file_test_vlog.prj"
INFO: [USF-XSim-69] 'compile' step finished in '1' seconds
INFO: [Vivado 12-5698] Checking validity of IPs in the design for the 'XSim' simulator...
INFO: [Vivado 12-5682] Launching behavioral simulation in 'C:/Users/Lucifer.dark/Desktop/Lab02/Lab02.sim/sim_1/behav/xsim'
INFO: [Vivado 12-4795] Using compiled simulation libraries for IPs
INFO: [USF-XSim-3] XSim::Elaborate design
INFO: [USF-XSim-61] Executing 'ELABORATE' step in 'C:/Users/Lucifer.dark/Desktop/Lab02/Lab02.sim/sim_1/behav/xsim'
"xelab -wto c3a63cae0b1046ab873cb8969bb7022d --incr --debug typical --relax --mt 2 -L xil_defaultlib -L unisims_ver -L unimacro_ver -L secureip -L xpm --snapshot register_file_test_behav xil_defaultlib.register_file_test xil_defaultlib.glbl -log elaborate.log"
Vivado Simulator 2019.1
Copyright 1986-1999, 2001-2019 Xilinx, Inc. All Rights Reserved.
Running: C:/Xilinx/Vivado/2019.1/bin/unwrapped/win64.o/xelab.exe -wto c3a63cae0b1046ab873cb8969bb7022d --incr --debug typical --relax --mt 2 -L xil_defaultlib -L unisims_ver -L unimacro_ver -L secureip -L xpm --snapshot register_file_test_behav xil_defaultlib.register_file_test xil_defaultlib.glbl -log elaborate.log 
Using 2 slave threads.
Starting static elaboration
Completed static elaboration
INFO: [XSIM 43-4323] No Change in HDL. Linking previously generated obj files to create kernel
INFO: [USF-XSim-69] 'elaborate' step finished in '1' seconds
Vivado Simulator 2019.1
Time resolution is 1 ps
$finish called at time : 100 ns : File "C:/Users/Lucifer.dark/Desktop/Lab02/Lab02.srcs/sim_1/new/register_file_test.v" Line 74
relaunch_sim: Time (s): cpu = 00:00:02 ; elapsed = 00:00:06 . Memory (MB): peak = 861.859 ; gain = 0.000
ERROR: [Common 17-180] Spawn failed: No error
relaunch_sim
INFO: [Vivado 12-5698] Checking validity of IPs in the design for the 'XSim' simulator...
INFO: [Vivado 12-5682] Launching behavioral simulation in 'C:/Users/Lucifer.dark/Desktop/Lab02/Lab02.sim/sim_1/behav/xsim'
INFO: [Vivado 12-4795] Using compiled simulation libraries for IPs
INFO: [SIM-utils-51] Simulation object is 'sim_1'
INFO: [USF-XSim-7] Finding pre-compiled libraries...
INFO: [USF-XSim-11] File 'C:/Xilinx/Vivado/2019.1/data/xsim/xsim.ini' copied to run dir:'C:/Users/Lucifer.dark/Desktop/Lab02/Lab02.sim/sim_1/behav/xsim'
INFO: [SIM-utils-54] Inspecting design source files for 'register_file_test' in fileset 'sim_1'...
INFO: [USF-XSim-97] Finding global include files...
INFO: [USF-XSim-98] Fetching design files from 'sim_1'...
INFO: [USF-XSim-2] XSim::Compile design
INFO: [USF-XSim-61] Executing 'COMPILE and ANALYZE' step in 'C:/Users/Lucifer.dark/Desktop/Lab02/Lab02.sim/sim_1/behav/xsim'
"xvlog --incr --relax -prj register_file_test_vlog.prj"
INFO: [VRFC 10-2263] Analyzing Verilog file "C:/Users/Lucifer.dark/Desktop/Lab02/Lab02.srcs/sources_1/new/register_file.v" into library xil_defaultlib
INFO: [VRFC 10-311] analyzing module register_file
INFO: [VRFC 10-2263] Analyzing Verilog file "C:/Users/Lucifer.dark/Desktop/Lab02/Lab02.srcs/sim_1/new/register_file_test.v" into library xil_defaultlib
INFO: [VRFC 10-311] analyzing module register_file_test
INFO: [USF-XSim-69] 'compile' step finished in '1' seconds
INFO: [Vivado 12-5698] Checking validity of IPs in the design for the 'XSim' simulator...
INFO: [Vivado 12-5682] Launching behavioral simulation in 'C:/Users/Lucifer.dark/Desktop/Lab02/Lab02.sim/sim_1/behav/xsim'
INFO: [Vivado 12-4795] Using compiled simulation libraries for IPs
INFO: [USF-XSim-3] XSim::Elaborate design
INFO: [USF-XSim-61] Executing 'ELABORATE' step in 'C:/Users/Lucifer.dark/Desktop/Lab02/Lab02.sim/sim_1/behav/xsim'
"xelab -wto c3a63cae0b1046ab873cb8969bb7022d --incr --debug typical --relax --mt 2 -L xil_defaultlib -L unisims_ver -L unimacro_ver -L secureip -L xpm --snapshot register_file_test_behav xil_defaultlib.register_file_test xil_defaultlib.glbl -log elaborate.log"
Vivado Simulator 2019.1
Copyright 1986-1999, 2001-2019 Xilinx, Inc. All Rights Reserved.
Running: C:/Xilinx/Vivado/2019.1/bin/unwrapped/win64.o/xelab.exe -wto c3a63cae0b1046ab873cb8969bb7022d --incr --debug typical --relax --mt 2 -L xil_defaultlib -L unisims_ver -L unimacro_ver -L secureip -L xpm --snapshot register_file_test_behav xil_defaultlib.register_file_test xil_defaultlib.glbl -log elaborate.log 
Using 2 slave threads.
Starting static elaboration
Completed static elaboration
Starting simulation data flow analysis
Completed simulation data flow analysis
Time Resolution for simulation is 1ps
Compiling module xil_defaultlib.register_file
Compiling module xil_defaultlib.register_file_test
Compiling module xil_defaultlib.glbl
Built simulation snapshot register_file_test_behav
INFO: [USF-XSim-69] 'elaborate' step finished in '2' seconds
Vivado Simulator 2019.1
Time resolution is 1 ps
$finish called at time : 100 ns : File "C:/Users/Lucifer.dark/Desktop/Lab02/Lab02.srcs/sim_1/new/register_file_test.v" Line 74
relaunch_sim: Time (s): cpu = 00:00:02 ; elapsed = 00:00:06 . Memory (MB): peak = 861.859 ; gain = 0.000
relaunch_sim
INFO: [Vivado 12-5698] Checking validity of IPs in the design for the 'XSim' simulator...
INFO: [Vivado 12-5682] Launching behavioral simulation in 'C:/Users/Lucifer.dark/Desktop/Lab02/Lab02.sim/sim_1/behav/xsim'
INFO: [Vivado 12-4795] Using compiled simulation libraries for IPs
INFO: [SIM-utils-51] Simulation object is 'sim_1'
INFO: [USF-XSim-7] Finding pre-compiled libraries...
INFO: [USF-XSim-11] File 'C:/Xilinx/Vivado/2019.1/data/xsim/xsim.ini' copied to run dir:'C:/Users/Lucifer.dark/Desktop/Lab02/Lab02.sim/sim_1/behav/xsim'
INFO: [SIM-utils-54] Inspecting design source files for 'register_file_test' in fileset 'sim_1'...
INFO: [USF-XSim-97] Finding global include files...
INFO: [USF-XSim-98] Fetching design files from 'sim_1'...
INFO: [USF-XSim-2] XSim::Compile design
INFO: [USF-XSim-61] Executing 'COMPILE and ANALYZE' step in 'C:/Users/Lucifer.dark/Desktop/Lab02/Lab02.sim/sim_1/behav/xsim'
"xvlog --incr --relax -prj register_file_test_vlog.prj"
INFO: [VRFC 10-2263] Analyzing Verilog file "C:/Users/Lucifer.dark/Desktop/Lab02/Lab02.srcs/sources_1/new/register_file.v" into library xil_defaultlib
INFO: [VRFC 10-311] analyzing module register_file
WARNING: [VRFC 10-2292] extra semicolon is not allowed here in this dialect. Use SystemVerilog mode [C:/Users/Lucifer.dark/Desktop/Lab02/Lab02.srcs/sources_1/new/register_file.v:41]
INFO: [VRFC 10-2263] Analyzing Verilog file "C:/Users/Lucifer.dark/Desktop/Lab02/Lab02.srcs/sim_1/new/register_file_test.v" into library xil_defaultlib
INFO: [VRFC 10-311] analyzing module register_file_test
INFO: [USF-XSim-69] 'compile' step finished in '2' seconds
INFO: [Vivado 12-5698] Checking validity of IPs in the design for the 'XSim' simulator...
INFO: [Vivado 12-5682] Launching behavioral simulation in 'C:/Users/Lucifer.dark/Desktop/Lab02/Lab02.sim/sim_1/behav/xsim'
INFO: [Vivado 12-4795] Using compiled simulation libraries for IPs
INFO: [USF-XSim-3] XSim::Elaborate design
INFO: [USF-XSim-61] Executing 'ELABORATE' step in 'C:/Users/Lucifer.dark/Desktop/Lab02/Lab02.sim/sim_1/behav/xsim'
"xelab -wto c3a63cae0b1046ab873cb8969bb7022d --incr --debug typical --relax --mt 2 -L xil_defaultlib -L unisims_ver -L unimacro_ver -L secureip -L xpm --snapshot register_file_test_behav xil_defaultlib.register_file_test xil_defaultlib.glbl -log elaborate.log"
Vivado Simulator 2019.1
Copyright 1986-1999, 2001-2019 Xilinx, Inc. All Rights Reserved.
Running: C:/Xilinx/Vivado/2019.1/bin/unwrapped/win64.o/xelab.exe -wto c3a63cae0b1046ab873cb8969bb7022d --incr --debug typical --relax --mt 2 -L xil_defaultlib -L unisims_ver -L unimacro_ver -L secureip -L xpm --snapshot register_file_test_behav xil_defaultlib.register_file_test xil_defaultlib.glbl -log elaborate.log 
Using 2 slave threads.
Starting static elaboration
Completed static elaboration
Starting simulation data flow analysis
Completed simulation data flow analysis
Time Resolution for simulation is 1ps
Compiling module xil_defaultlib.register_file
Compiling module xil_defaultlib.register_file_test
Compiling module xil_defaultlib.glbl
Built simulation snapshot register_file_test_behav
INFO: [USF-XSim-69] 'elaborate' step finished in '1' seconds
Vivado Simulator 2019.1
Time resolution is 1 ps
$finish called at time : 100 ns : File "C:/Users/Lucifer.dark/Desktop/Lab02/Lab02.srcs/sim_1/new/register_file_test.v" Line 74
relaunch_sim: Time (s): cpu = 00:00:01 ; elapsed = 00:00:06 . Memory (MB): peak = 1119.133 ; gain = 0.000
relaunch_sim
INFO: [Vivado 12-5698] Checking validity of IPs in the design for the 'XSim' simulator...
INFO: [Vivado 12-5682] Launching behavioral simulation in 'C:/Users/Lucifer.dark/Desktop/Lab02/Lab02.sim/sim_1/behav/xsim'
INFO: [Vivado 12-4795] Using compiled simulation libraries for IPs
INFO: [SIM-utils-51] Simulation object is 'sim_1'
INFO: [USF-XSim-7] Finding pre-compiled libraries...
INFO: [USF-XSim-11] File 'C:/Xilinx/Vivado/2019.1/data/xsim/xsim.ini' copied to run dir:'C:/Users/Lucifer.dark/Desktop/Lab02/Lab02.sim/sim_1/behav/xsim'
INFO: [SIM-utils-54] Inspecting design source files for 'register_file_test' in fileset 'sim_1'...
INFO: [USF-XSim-97] Finding global include files...
INFO: [USF-XSim-98] Fetching design files from 'sim_1'...
INFO: [USF-XSim-2] XSim::Compile design
INFO: [USF-XSim-61] Executing 'COMPILE and ANALYZE' step in 'C:/Users/Lucifer.dark/Desktop/Lab02/Lab02.sim/sim_1/behav/xsim'
"xvlog --incr --relax -prj register_file_test_vlog.prj"
INFO: [VRFC 10-2263] Analyzing Verilog file "C:/Users/Lucifer.dark/Desktop/Lab02/Lab02.srcs/sources_1/new/register_file.v" into library xil_defaultlib
INFO: [VRFC 10-311] analyzing module register_file
INFO: [VRFC 10-2263] Analyzing Verilog file "C:/Users/Lucifer.dark/Desktop/Lab02/Lab02.srcs/sim_1/new/register_file_test.v" into library xil_defaultlib
INFO: [VRFC 10-311] analyzing module register_file_test
INFO: [USF-XSim-69] 'compile' step finished in '1' seconds
INFO: [Vivado 12-5698] Checking validity of IPs in the design for the 'XSim' simulator...
INFO: [Vivado 12-5682] Launching behavioral simulation in 'C:/Users/Lucifer.dark/Desktop/Lab02/Lab02.sim/sim_1/behav/xsim'
INFO: [Vivado 12-4795] Using compiled simulation libraries for IPs
INFO: [USF-XSim-3] XSim::Elaborate design
INFO: [USF-XSim-61] Executing 'ELABORATE' step in 'C:/Users/Lucifer.dark/Desktop/Lab02/Lab02.sim/sim_1/behav/xsim'
"xelab -wto c3a63cae0b1046ab873cb8969bb7022d --incr --debug typical --relax --mt 2 -L xil_defaultlib -L unisims_ver -L unimacro_ver -L secureip -L xpm --snapshot register_file_test_behav xil_defaultlib.register_file_test xil_defaultlib.glbl -log elaborate.log"
Vivado Simulator 2019.1
Copyright 1986-1999, 2001-2019 Xilinx, Inc. All Rights Reserved.
Running: C:/Xilinx/Vivado/2019.1/bin/unwrapped/win64.o/xelab.exe -wto c3a63cae0b1046ab873cb8969bb7022d --incr --debug typical --relax --mt 2 -L xil_defaultlib -L unisims_ver -L unimacro_ver -L secureip -L xpm --snapshot register_file_test_behav xil_defaultlib.register_file_test xil_defaultlib.glbl -log elaborate.log 
Using 2 slave threads.
Starting static elaboration
Completed static elaboration
Starting simulation data flow analysis
Completed simulation data flow analysis
Time Resolution for simulation is 1ps
Compiling module xil_defaultlib.register_file
Compiling module xil_defaultlib.register_file_test
Compiling module xil_defaultlib.glbl
Built simulation snapshot register_file_test_behav
INFO: [USF-XSim-69] 'elaborate' step finished in '1' seconds
Vivado Simulator 2019.1
Time resolution is 1 ps
$finish called at time : 100 ns : File "C:/Users/Lucifer.dark/Desktop/Lab02/Lab02.srcs/sim_1/new/register_file_test.v" Line 74
relaunch_sim: Time (s): cpu = 00:00:01 ; elapsed = 00:00:06 . Memory (MB): peak = 1119.133 ; gain = 0.000
relaunch_sim
INFO: [Vivado 12-5698] Checking validity of IPs in the design for the 'XSim' simulator...
INFO: [Vivado 12-5682] Launching behavioral simulation in 'C:/Users/Lucifer.dark/Desktop/Lab02/Lab02.sim/sim_1/behav/xsim'
INFO: [Vivado 12-4795] Using compiled simulation libraries for IPs
INFO: [SIM-utils-51] Simulation object is 'sim_1'
INFO: [USF-XSim-7] Finding pre-compiled libraries...
INFO: [USF-XSim-11] File 'C:/Xilinx/Vivado/2019.1/data/xsim/xsim.ini' copied to run dir:'C:/Users/Lucifer.dark/Desktop/Lab02/Lab02.sim/sim_1/behav/xsim'
INFO: [SIM-utils-54] Inspecting design source files for 'register_file_test' in fileset 'sim_1'...
INFO: [USF-XSim-97] Finding global include files...
INFO: [USF-XSim-98] Fetching design files from 'sim_1'...
INFO: [USF-XSim-2] XSim::Compile design
INFO: [USF-XSim-61] Executing 'COMPILE and ANALYZE' step in 'C:/Users/Lucifer.dark/Desktop/Lab02/Lab02.sim/sim_1/behav/xsim'
"xvlog --incr --relax -prj register_file_test_vlog.prj"
INFO: [VRFC 10-2263] Analyzing Verilog file "C:/Users/Lucifer.dark/Desktop/Lab02/Lab02.srcs/sources_1/new/register_file.v" into library xil_defaultlib
INFO: [VRFC 10-311] analyzing module register_file
INFO: [VRFC 10-2263] Analyzing Verilog file "C:/Users/Lucifer.dark/Desktop/Lab02/Lab02.srcs/sim_1/new/register_file_test.v" into library xil_defaultlib
INFO: [VRFC 10-311] analyzing module register_file_test
INFO: [USF-XSim-69] 'compile' step finished in '1' seconds
INFO: [Vivado 12-5698] Checking validity of IPs in the design for the 'XSim' simulator...
INFO: [Vivado 12-5682] Launching behavioral simulation in 'C:/Users/Lucifer.dark/Desktop/Lab02/Lab02.sim/sim_1/behav/xsim'
INFO: [Vivado 12-4795] Using compiled simulation libraries for IPs
INFO: [USF-XSim-3] XSim::Elaborate design
INFO: [USF-XSim-61] Executing 'ELABORATE' step in 'C:/Users/Lucifer.dark/Desktop/Lab02/Lab02.sim/sim_1/behav/xsim'
"xelab -wto c3a63cae0b1046ab873cb8969bb7022d --incr --debug typical --relax --mt 2 -L xil_defaultlib -L unisims_ver -L unimacro_ver -L secureip -L xpm --snapshot register_file_test_behav xil_defaultlib.register_file_test xil_defaultlib.glbl -log elaborate.log"
Vivado Simulator 2019.1
Copyright 1986-1999, 2001-2019 Xilinx, Inc. All Rights Reserved.
Running: C:/Xilinx/Vivado/2019.1/bin/unwrapped/win64.o/xelab.exe -wto c3a63cae0b1046ab873cb8969bb7022d --incr --debug typical --relax --mt 2 -L xil_defaultlib -L unisims_ver -L unimacro_ver -L secureip -L xpm --snapshot register_file_test_behav xil_defaultlib.register_file_test xil_defaultlib.glbl -log elaborate.log 
Using 2 slave threads.
Starting static elaboration
Completed static elaboration
Starting simulation data flow analysis
Completed simulation data flow analysis
Time Resolution for simulation is 1ps
Compiling module xil_defaultlib.register_file
Compiling module xil_defaultlib.register_file_test
Compiling module xil_defaultlib.glbl
Built simulation snapshot register_file_test_behav
INFO: [USF-XSim-69] 'elaborate' step finished in '1' seconds
Vivado Simulator 2019.1
Time resolution is 1 ps
$finish called at time : 100 ns : File "C:/Users/Lucifer.dark/Desktop/Lab02/Lab02.srcs/sim_1/new/register_file_test.v" Line 74
relaunch_sim: Time (s): cpu = 00:00:01 ; elapsed = 00:00:06 . Memory (MB): peak = 1119.133 ; gain = 0.000
relaunch_sim
INFO: [Vivado 12-5698] Checking validity of IPs in the design for the 'XSim' simulator...
INFO: [Vivado 12-5682] Launching behavioral simulation in 'C:/Users/Lucifer.dark/Desktop/Lab02/Lab02.sim/sim_1/behav/xsim'
INFO: [Vivado 12-4795] Using compiled simulation libraries for IPs
INFO: [SIM-utils-51] Simulation object is 'sim_1'
INFO: [USF-XSim-7] Finding pre-compiled libraries...
INFO: [USF-XSim-11] File 'C:/Xilinx/Vivado/2019.1/data/xsim/xsim.ini' copied to run dir:'C:/Users/Lucifer.dark/Desktop/Lab02/Lab02.sim/sim_1/behav/xsim'
INFO: [SIM-utils-54] Inspecting design source files for 'register_file_test' in fileset 'sim_1'...
INFO: [USF-XSim-97] Finding global include files...
INFO: [USF-XSim-98] Fetching design files from 'sim_1'...
INFO: [USF-XSim-2] XSim::Compile design
INFO: [USF-XSim-61] Executing 'COMPILE and ANALYZE' step in 'C:/Users/Lucifer.dark/Desktop/Lab02/Lab02.sim/sim_1/behav/xsim'
"xvlog --incr --relax -prj register_file_test_vlog.prj"
INFO: [USF-XSim-69] 'compile' step finished in '1' seconds
INFO: [Vivado 12-5698] Checking validity of IPs in the design for the 'XSim' simulator...
INFO: [Vivado 12-5682] Launching behavioral simulation in 'C:/Users/Lucifer.dark/Desktop/Lab02/Lab02.sim/sim_1/behav/xsim'
INFO: [Vivado 12-4795] Using compiled simulation libraries for IPs
INFO: [USF-XSim-3] XSim::Elaborate design
INFO: [USF-XSim-61] Executing 'ELABORATE' step in 'C:/Users/Lucifer.dark/Desktop/Lab02/Lab02.sim/sim_1/behav/xsim'
"xelab -wto c3a63cae0b1046ab873cb8969bb7022d --incr --debug typical --relax --mt 2 -L xil_defaultlib -L unisims_ver -L unimacro_ver -L secureip -L xpm --snapshot register_file_test_behav xil_defaultlib.register_file_test xil_defaultlib.glbl -log elaborate.log"
Vivado Simulator 2019.1
Copyright 1986-1999, 2001-2019 Xilinx, Inc. All Rights Reserved.
Running: C:/Xilinx/Vivado/2019.1/bin/unwrapped/win64.o/xelab.exe -wto c3a63cae0b1046ab873cb8969bb7022d --incr --debug typical --relax --mt 2 -L xil_defaultlib -L unisims_ver -L unimacro_ver -L secureip -L xpm --snapshot register_file_test_behav xil_defaultlib.register_file_test xil_defaultlib.glbl -log elaborate.log 
Using 2 slave threads.
Starting static elaboration
Completed static elaboration
INFO: [XSIM 43-4323] No Change in HDL. Linking previously generated obj files to create kernel
INFO: [USF-XSim-69] 'elaborate' step finished in '1' seconds
Vivado Simulator 2019.1
Time resolution is 1 ps
$finish called at time : 100 ns : File "C:/Users/Lucifer.dark/Desktop/Lab02/Lab02.srcs/sim_1/new/register_file_test.v" Line 74
relaunch_sim: Time (s): cpu = 00:00:01 ; elapsed = 00:00:06 . Memory (MB): peak = 1119.133 ; gain = 0.000
relaunch_sim
INFO: [Vivado 12-5698] Checking validity of IPs in the design for the 'XSim' simulator...
INFO: [Vivado 12-5682] Launching behavioral simulation in 'C:/Users/Lucifer.dark/Desktop/Lab02/Lab02.sim/sim_1/behav/xsim'
INFO: [Vivado 12-4795] Using compiled simulation libraries for IPs
INFO: [SIM-utils-51] Simulation object is 'sim_1'
INFO: [USF-XSim-7] Finding pre-compiled libraries...
INFO: [USF-XSim-11] File 'C:/Xilinx/Vivado/2019.1/data/xsim/xsim.ini' copied to run dir:'C:/Users/Lucifer.dark/Desktop/Lab02/Lab02.sim/sim_1/behav/xsim'
INFO: [SIM-utils-54] Inspecting design source files for 'register_file_test' in fileset 'sim_1'...
INFO: [USF-XSim-97] Finding global include files...
INFO: [USF-XSim-98] Fetching design files from 'sim_1'...
INFO: [USF-XSim-2] XSim::Compile design
INFO: [USF-XSim-61] Executing 'COMPILE and ANALYZE' step in 'C:/Users/Lucifer.dark/Desktop/Lab02/Lab02.sim/sim_1/behav/xsim'
"xvlog --incr --relax -prj register_file_test_vlog.prj"
INFO: [VRFC 10-2263] Analyzing Verilog file "C:/Users/Lucifer.dark/Desktop/Lab02/Lab02.srcs/sources_1/new/register_file.v" into library xil_defaultlib
INFO: [VRFC 10-311] analyzing module register_file
INFO: [VRFC 10-2263] Analyzing Verilog file "C:/Users/Lucifer.dark/Desktop/Lab02/Lab02.srcs/sim_1/new/register_file_test.v" into library xil_defaultlib
INFO: [VRFC 10-311] analyzing module register_file_test
INFO: [USF-XSim-69] 'compile' step finished in '1' seconds
INFO: [Vivado 12-5698] Checking validity of IPs in the design for the 'XSim' simulator...
INFO: [Vivado 12-5682] Launching behavioral simulation in 'C:/Users/Lucifer.dark/Desktop/Lab02/Lab02.sim/sim_1/behav/xsim'
INFO: [Vivado 12-4795] Using compiled simulation libraries for IPs
INFO: [USF-XSim-3] XSim::Elaborate design
INFO: [USF-XSim-61] Executing 'ELABORATE' step in 'C:/Users/Lucifer.dark/Desktop/Lab02/Lab02.sim/sim_1/behav/xsim'
"xelab -wto c3a63cae0b1046ab873cb8969bb7022d --incr --debug typical --relax --mt 2 -L xil_defaultlib -L unisims_ver -L unimacro_ver -L secureip -L xpm --snapshot register_file_test_behav xil_defaultlib.register_file_test xil_defaultlib.glbl -log elaborate.log"
Vivado Simulator 2019.1
Copyright 1986-1999, 2001-2019 Xilinx, Inc. All Rights Reserved.
Running: C:/Xilinx/Vivado/2019.1/bin/unwrapped/win64.o/xelab.exe -wto c3a63cae0b1046ab873cb8969bb7022d --incr --debug typical --relax --mt 2 -L xil_defaultlib -L unisims_ver -L unimacro_ver -L secureip -L xpm --snapshot register_file_test_behav xil_defaultlib.register_file_test xil_defaultlib.glbl -log elaborate.log 
Using 2 slave threads.
Starting static elaboration
Completed static elaboration
Starting simulation data flow analysis
Completed simulation data flow analysis
Time Resolution for simulation is 1ps
Compiling module xil_defaultlib.register_file
Compiling module xil_defaultlib.register_file_test
Compiling module xil_defaultlib.glbl
Built simulation snapshot register_file_test_behav
INFO: [USF-XSim-69] 'elaborate' step finished in '2' seconds
Vivado Simulator 2019.1
Time resolution is 1 ps
$finish called at time : 100 ns : File "C:/Users/Lucifer.dark/Desktop/Lab02/Lab02.srcs/sim_1/new/register_file_test.v" Line 74
relaunch_sim: Time (s): cpu = 00:00:01 ; elapsed = 00:00:07 . Memory (MB): peak = 1119.133 ; gain = 0.000
close_sim
INFO: [Simtcl 6-16] Simulation closed
launch_simulation
INFO: [Vivado 12-5698] Checking validity of IPs in the design for the 'XSim' simulator...
INFO: [Vivado 12-5682] Launching behavioral simulation in 'C:/Users/Lucifer.dark/Desktop/Lab02/Lab02.sim/sim_1/behav/xsim'
INFO: [Vivado 12-4795] Using compiled simulation libraries for IPs
INFO: [SIM-utils-51] Simulation object is 'sim_1'
INFO: [USF-XSim-7] Finding pre-compiled libraries...
INFO: [USF-XSim-11] File 'C:/Xilinx/Vivado/2019.1/data/xsim/xsim.ini' copied to run dir:'C:/Users/Lucifer.dark/Desktop/Lab02/Lab02.sim/sim_1/behav/xsim'
INFO: [SIM-utils-54] Inspecting design source files for 'register_file_test' in fileset 'sim_1'...
INFO: [USF-XSim-97] Finding global include files...
INFO: [USF-XSim-98] Fetching design files from 'sim_1'...
INFO: [USF-XSim-2] XSim::Compile design
INFO: [USF-XSim-61] Executing 'COMPILE and ANALYZE' step in 'C:/Users/Lucifer.dark/Desktop/Lab02/Lab02.sim/sim_1/behav/xsim'
"xvlog --incr --relax -prj register_file_test_vlog.prj"
INFO: [USF-XSim-69] 'compile' step finished in '1' seconds
INFO: [USF-XSim-3] XSim::Elaborate design
INFO: [USF-XSim-61] Executing 'ELABORATE' step in 'C:/Users/Lucifer.dark/Desktop/Lab02/Lab02.sim/sim_1/behav/xsim'
"xelab -wto c3a63cae0b1046ab873cb8969bb7022d --incr --debug typical --relax --mt 2 -L xil_defaultlib -L unisims_ver -L unimacro_ver -L secureip -L xpm --snapshot register_file_test_behav xil_defaultlib.register_file_test xil_defaultlib.glbl -log elaborate.log"
Vivado Simulator 2019.1
Copyright 1986-1999, 2001-2019 Xilinx, Inc. All Rights Reserved.
Running: C:/Xilinx/Vivado/2019.1/bin/unwrapped/win64.o/xelab.exe -wto c3a63cae0b1046ab873cb8969bb7022d --incr --debug typical --relax --mt 2 -L xil_defaultlib -L unisims_ver -L unimacro_ver -L secureip -L xpm --snapshot register_file_test_behav xil_defaultlib.register_file_test xil_defaultlib.glbl -log elaborate.log 
Using 2 slave threads.
Starting static elaboration
Completed static elaboration
INFO: [XSIM 43-4323] No Change in HDL. Linking previously generated obj files to create kernel
INFO: [USF-XSim-69] 'elaborate' step finished in '1' seconds
INFO: [USF-XSim-4] XSim::Simulate design
INFO: [USF-XSim-61] Executing 'SIMULATE' step in 'C:/Users/Lucifer.dark/Desktop/Lab02/Lab02.sim/sim_1/behav/xsim'
INFO: [USF-XSim-98] *** Running xsim
   with args "register_file_test_behav -key {Behavioral:sim_1:Functional:register_file_test} -tclbatch {register_file_test.tcl} -log {simulate.log}"
INFO: [USF-XSim-8] Loading simulator feature
Vivado Simulator 2019.1
Time resolution is 1 ps
source register_file_test.tcl
# set curr_wave [current_wave_config]
# if { [string length $curr_wave] == 0 } {
#   if { [llength [get_objects]] > 0} {
#     add_wave /
#     set_property needs_save false [current_wave_config]
#   } else {
#      send_msg_id Add_Wave-1 WARNING "No top level signals found. Simulator will start without a wave window. If you want to open a wave window go to 'File->New Waveform Configuration' or type 'create_wave_config' in the TCL console."
#   }
# }
# run 1000ns
$finish called at time : 100 ns : File "C:/Users/Lucifer.dark/Desktop/Lab02/Lab02.srcs/sim_1/new/register_file_test.v" Line 74
INFO: [USF-XSim-96] XSim completed. Design snapshot 'register_file_test_behav' loaded.
INFO: [USF-XSim-97] XSim simulation ran for 1000ns
launch_simulation: Time (s): cpu = 00:00:03 ; elapsed = 00:00:05 . Memory (MB): peak = 1119.133 ; gain = 0.000
relaunch_sim
INFO: [Vivado 12-5698] Checking validity of IPs in the design for the 'XSim' simulator...
INFO: [Vivado 12-5682] Launching behavioral simulation in 'C:/Users/Lucifer.dark/Desktop/Lab02/Lab02.sim/sim_1/behav/xsim'
INFO: [Vivado 12-4795] Using compiled simulation libraries for IPs
INFO: [SIM-utils-51] Simulation object is 'sim_1'
INFO: [USF-XSim-7] Finding pre-compiled libraries...
INFO: [USF-XSim-11] File 'C:/Xilinx/Vivado/2019.1/data/xsim/xsim.ini' copied to run dir:'C:/Users/Lucifer.dark/Desktop/Lab02/Lab02.sim/sim_1/behav/xsim'
INFO: [SIM-utils-54] Inspecting design source files for 'register_file_test' in fileset 'sim_1'...
INFO: [USF-XSim-97] Finding global include files...
INFO: [USF-XSim-98] Fetching design files from 'sim_1'...
INFO: [USF-XSim-2] XSim::Compile design
INFO: [USF-XSim-61] Executing 'COMPILE and ANALYZE' step in 'C:/Users/Lucifer.dark/Desktop/Lab02/Lab02.sim/sim_1/behav/xsim'
"xvlog --incr --relax -prj register_file_test_vlog.prj"
INFO: [VRFC 10-2263] Analyzing Verilog file "C:/Users/Lucifer.dark/Desktop/Lab02/Lab02.srcs/sources_1/new/register_file.v" into library xil_defaultlib
INFO: [VRFC 10-311] analyzing module register_file
INFO: [VRFC 10-2263] Analyzing Verilog file "C:/Users/Lucifer.dark/Desktop/Lab02/Lab02.srcs/sim_1/new/register_file_test.v" into library xil_defaultlib
INFO: [VRFC 10-311] analyzing module register_file_test
INFO: [USF-XSim-69] 'compile' step finished in '1' seconds
INFO: [Vivado 12-5698] Checking validity of IPs in the design for the 'XSim' simulator...
INFO: [Vivado 12-5682] Launching behavioral simulation in 'C:/Users/Lucifer.dark/Desktop/Lab02/Lab02.sim/sim_1/behav/xsim'
INFO: [Vivado 12-4795] Using compiled simulation libraries for IPs
INFO: [USF-XSim-3] XSim::Elaborate design
INFO: [USF-XSim-61] Executing 'ELABORATE' step in 'C:/Users/Lucifer.dark/Desktop/Lab02/Lab02.sim/sim_1/behav/xsim'
"xelab -wto c3a63cae0b1046ab873cb8969bb7022d --incr --debug typical --relax --mt 2 -L xil_defaultlib -L unisims_ver -L unimacro_ver -L secureip -L xpm --snapshot register_file_test_behav xil_defaultlib.register_file_test xil_defaultlib.glbl -log elaborate.log"
Vivado Simulator 2019.1
Copyright 1986-1999, 2001-2019 Xilinx, Inc. All Rights Reserved.
Running: C:/Xilinx/Vivado/2019.1/bin/unwrapped/win64.o/xelab.exe -wto c3a63cae0b1046ab873cb8969bb7022d --incr --debug typical --relax --mt 2 -L xil_defaultlib -L unisims_ver -L unimacro_ver -L secureip -L xpm --snapshot register_file_test_behav xil_defaultlib.register_file_test xil_defaultlib.glbl -log elaborate.log 
Using 2 slave threads.
Starting static elaboration
Completed static elaboration
Starting simulation data flow analysis
Completed simulation data flow analysis
Time Resolution for simulation is 1ps
Compiling module xil_defaultlib.register_file
Compiling module xil_defaultlib.register_file_test
Compiling module xil_defaultlib.glbl
Built simulation snapshot register_file_test_behav
INFO: [USF-XSim-69] 'elaborate' step finished in '1' seconds
Vivado Simulator 2019.1
Time resolution is 1 ps
$finish called at time : 90 ns : File "C:/Users/Lucifer.dark/Desktop/Lab02/Lab02.srcs/sim_1/new/register_file_test.v" Line 73
relaunch_sim: Time (s): cpu = 00:00:01 ; elapsed = 00:00:07 . Memory (MB): peak = 1119.133 ; gain = 0.000
relaunch_sim
INFO: [Vivado 12-5698] Checking validity of IPs in the design for the 'XSim' simulator...
INFO: [Vivado 12-5682] Launching behavioral simulation in 'C:/Users/Lucifer.dark/Desktop/Lab02/Lab02.sim/sim_1/behav/xsim'
INFO: [Vivado 12-4795] Using compiled simulation libraries for IPs
INFO: [SIM-utils-51] Simulation object is 'sim_1'
INFO: [USF-XSim-7] Finding pre-compiled libraries...
INFO: [USF-XSim-11] File 'C:/Xilinx/Vivado/2019.1/data/xsim/xsim.ini' copied to run dir:'C:/Users/Lucifer.dark/Desktop/Lab02/Lab02.sim/sim_1/behav/xsim'
INFO: [SIM-utils-54] Inspecting design source files for 'register_file_test' in fileset 'sim_1'...
INFO: [USF-XSim-97] Finding global include files...
INFO: [USF-XSim-98] Fetching design files from 'sim_1'...
INFO: [USF-XSim-2] XSim::Compile design
INFO: [USF-XSim-61] Executing 'COMPILE and ANALYZE' step in 'C:/Users/Lucifer.dark/Desktop/Lab02/Lab02.sim/sim_1/behav/xsim'
"xvlog --incr --relax -prj register_file_test_vlog.prj"
INFO: [VRFC 10-2263] Analyzing Verilog file "C:/Users/Lucifer.dark/Desktop/Lab02/Lab02.srcs/sources_1/new/register_file.v" into library xil_defaultlib
INFO: [VRFC 10-311] analyzing module register_file
INFO: [VRFC 10-2263] Analyzing Verilog file "C:/Users/Lucifer.dark/Desktop/Lab02/Lab02.srcs/sim_1/new/register_file_test.v" into library xil_defaultlib
INFO: [VRFC 10-311] analyzing module register_file_test
INFO: [USF-XSim-69] 'compile' step finished in '1' seconds
INFO: [Vivado 12-5698] Checking validity of IPs in the design for the 'XSim' simulator...
INFO: [Vivado 12-5682] Launching behavioral simulation in 'C:/Users/Lucifer.dark/Desktop/Lab02/Lab02.sim/sim_1/behav/xsim'
INFO: [Vivado 12-4795] Using compiled simulation libraries for IPs
INFO: [USF-XSim-3] XSim::Elaborate design
INFO: [USF-XSim-61] Executing 'ELABORATE' step in 'C:/Users/Lucifer.dark/Desktop/Lab02/Lab02.sim/sim_1/behav/xsim'
"xelab -wto c3a63cae0b1046ab873cb8969bb7022d --incr --debug typical --relax --mt 2 -L xil_defaultlib -L unisims_ver -L unimacro_ver -L secureip -L xpm --snapshot register_file_test_behav xil_defaultlib.register_file_test xil_defaultlib.glbl -log elaborate.log"
Vivado Simulator 2019.1
Copyright 1986-1999, 2001-2019 Xilinx, Inc. All Rights Reserved.
Running: C:/Xilinx/Vivado/2019.1/bin/unwrapped/win64.o/xelab.exe -wto c3a63cae0b1046ab873cb8969bb7022d --incr --debug typical --relax --mt 2 -L xil_defaultlib -L unisims_ver -L unimacro_ver -L secureip -L xpm --snapshot register_file_test_behav xil_defaultlib.register_file_test xil_defaultlib.glbl -log elaborate.log 
Using 2 slave threads.
Starting static elaboration
Completed static elaboration
Starting simulation data flow analysis
Completed simulation data flow analysis
Time Resolution for simulation is 1ps
Compiling module xil_defaultlib.register_file
Compiling module xil_defaultlib.register_file_test
Compiling module xil_defaultlib.glbl
Built simulation snapshot register_file_test_behav
INFO: [USF-XSim-69] 'elaborate' step finished in '2' seconds
Vivado Simulator 2019.1
Time resolution is 1 ps
$finish called at time : 90 ns : File "C:/Users/Lucifer.dark/Desktop/Lab02/Lab02.srcs/sim_1/new/register_file_test.v" Line 73
relaunch_sim: Time (s): cpu = 00:00:01 ; elapsed = 00:00:06 . Memory (MB): peak = 1119.133 ; gain = 0.000
relaunch_sim
INFO: [Vivado 12-5698] Checking validity of IPs in the design for the 'XSim' simulator...
INFO: [Vivado 12-5682] Launching behavioral simulation in 'C:/Users/Lucifer.dark/Desktop/Lab02/Lab02.sim/sim_1/behav/xsim'
INFO: [Vivado 12-4795] Using compiled simulation libraries for IPs
INFO: [SIM-utils-51] Simulation object is 'sim_1'
INFO: [USF-XSim-7] Finding pre-compiled libraries...
INFO: [USF-XSim-11] File 'C:/Xilinx/Vivado/2019.1/data/xsim/xsim.ini' copied to run dir:'C:/Users/Lucifer.dark/Desktop/Lab02/Lab02.sim/sim_1/behav/xsim'
INFO: [SIM-utils-54] Inspecting design source files for 'register_file_test' in fileset 'sim_1'...
INFO: [USF-XSim-97] Finding global include files...
INFO: [USF-XSim-98] Fetching design files from 'sim_1'...
INFO: [USF-XSim-2] XSim::Compile design
INFO: [USF-XSim-61] Executing 'COMPILE and ANALYZE' step in 'C:/Users/Lucifer.dark/Desktop/Lab02/Lab02.sim/sim_1/behav/xsim'
"xvlog --incr --relax -prj register_file_test_vlog.prj"
INFO: [VRFC 10-2263] Analyzing Verilog file "C:/Users/Lucifer.dark/Desktop/Lab02/Lab02.srcs/sources_1/new/register_file.v" into library xil_defaultlib
INFO: [VRFC 10-311] analyzing module register_file
INFO: [VRFC 10-2263] Analyzing Verilog file "C:/Users/Lucifer.dark/Desktop/Lab02/Lab02.srcs/sim_1/new/register_file_test.v" into library xil_defaultlib
INFO: [VRFC 10-311] analyzing module register_file_test
INFO: [USF-XSim-69] 'compile' step finished in '2' seconds
INFO: [Vivado 12-5698] Checking validity of IPs in the design for the 'XSim' simulator...
INFO: [Vivado 12-5682] Launching behavioral simulation in 'C:/Users/Lucifer.dark/Desktop/Lab02/Lab02.sim/sim_1/behav/xsim'
INFO: [Vivado 12-4795] Using compiled simulation libraries for IPs
INFO: [USF-XSim-3] XSim::Elaborate design
INFO: [USF-XSim-61] Executing 'ELABORATE' step in 'C:/Users/Lucifer.dark/Desktop/Lab02/Lab02.sim/sim_1/behav/xsim'
"xelab -wto c3a63cae0b1046ab873cb8969bb7022d --incr --debug typical --relax --mt 2 -L xil_defaultlib -L unisims_ver -L unimacro_ver -L secureip -L xpm --snapshot register_file_test_behav xil_defaultlib.register_file_test xil_defaultlib.glbl -log elaborate.log"
Vivado Simulator 2019.1
Copyright 1986-1999, 2001-2019 Xilinx, Inc. All Rights Reserved.
Running: C:/Xilinx/Vivado/2019.1/bin/unwrapped/win64.o/xelab.exe -wto c3a63cae0b1046ab873cb8969bb7022d --incr --debug typical --relax --mt 2 -L xil_defaultlib -L unisims_ver -L unimacro_ver -L secureip -L xpm --snapshot register_file_test_behav xil_defaultlib.register_file_test xil_defaultlib.glbl -log elaborate.log 
Using 2 slave threads.
Starting static elaboration
Completed static elaboration
Starting simulation data flow analysis
Completed simulation data flow analysis
Time Resolution for simulation is 1ps
Compiling module xil_defaultlib.register_file
Compiling module xil_defaultlib.register_file_test
Compiling module xil_defaultlib.glbl
Built simulation snapshot register_file_test_behav
INFO: [USF-XSim-69] 'elaborate' step finished in '1' seconds
Vivado Simulator 2019.1
Time resolution is 1 ps
$finish called at time : 90 ns : File "C:/Users/Lucifer.dark/Desktop/Lab02/Lab02.srcs/sim_1/new/register_file_test.v" Line 73
relaunch_sim: Time (s): cpu = 00:00:01 ; elapsed = 00:00:06 . Memory (MB): peak = 1119.133 ; gain = 0.000
relaunch_sim
INFO: [Vivado 12-5698] Checking validity of IPs in the design for the 'XSim' simulator...
INFO: [Vivado 12-5682] Launching behavioral simulation in 'C:/Users/Lucifer.dark/Desktop/Lab02/Lab02.sim/sim_1/behav/xsim'
INFO: [Vivado 12-4795] Using compiled simulation libraries for IPs
INFO: [SIM-utils-51] Simulation object is 'sim_1'
INFO: [USF-XSim-7] Finding pre-compiled libraries...
INFO: [USF-XSim-11] File 'C:/Xilinx/Vivado/2019.1/data/xsim/xsim.ini' copied to run dir:'C:/Users/Lucifer.dark/Desktop/Lab02/Lab02.sim/sim_1/behav/xsim'
INFO: [SIM-utils-54] Inspecting design source files for 'register_file_test' in fileset 'sim_1'...
INFO: [USF-XSim-97] Finding global include files...
INFO: [USF-XSim-98] Fetching design files from 'sim_1'...
INFO: [USF-XSim-2] XSim::Compile design
INFO: [USF-XSim-61] Executing 'COMPILE and ANALYZE' step in 'C:/Users/Lucifer.dark/Desktop/Lab02/Lab02.sim/sim_1/behav/xsim'
"xvlog --incr --relax -prj register_file_test_vlog.prj"
INFO: [VRFC 10-2263] Analyzing Verilog file "C:/Users/Lucifer.dark/Desktop/Lab02/Lab02.srcs/sources_1/new/register_file.v" into library xil_defaultlib
INFO: [VRFC 10-311] analyzing module register_file
INFO: [VRFC 10-2263] Analyzing Verilog file "C:/Users/Lucifer.dark/Desktop/Lab02/Lab02.srcs/sim_1/new/register_file_test.v" into library xil_defaultlib
INFO: [VRFC 10-311] analyzing module register_file_test
INFO: [USF-XSim-69] 'compile' step finished in '1' seconds
INFO: [Vivado 12-5698] Checking validity of IPs in the design for the 'XSim' simulator...
INFO: [Vivado 12-5682] Launching behavioral simulation in 'C:/Users/Lucifer.dark/Desktop/Lab02/Lab02.sim/sim_1/behav/xsim'
INFO: [Vivado 12-4795] Using compiled simulation libraries for IPs
INFO: [USF-XSim-3] XSim::Elaborate design
INFO: [USF-XSim-61] Executing 'ELABORATE' step in 'C:/Users/Lucifer.dark/Desktop/Lab02/Lab02.sim/sim_1/behav/xsim'
"xelab -wto c3a63cae0b1046ab873cb8969bb7022d --incr --debug typical --relax --mt 2 -L xil_defaultlib -L unisims_ver -L unimacro_ver -L secureip -L xpm --snapshot register_file_test_behav xil_defaultlib.register_file_test xil_defaultlib.glbl -log elaborate.log"
Vivado Simulator 2019.1
Copyright 1986-1999, 2001-2019 Xilinx, Inc. All Rights Reserved.
Running: C:/Xilinx/Vivado/2019.1/bin/unwrapped/win64.o/xelab.exe -wto c3a63cae0b1046ab873cb8969bb7022d --incr --debug typical --relax --mt 2 -L xil_defaultlib -L unisims_ver -L unimacro_ver -L secureip -L xpm --snapshot register_file_test_behav xil_defaultlib.register_file_test xil_defaultlib.glbl -log elaborate.log 
Using 2 slave threads.
Starting static elaboration
Completed static elaboration
Starting simulation data flow analysis
Completed simulation data flow analysis
Time Resolution for simulation is 1ps
Compiling module xil_defaultlib.register_file
Compiling module xil_defaultlib.register_file_test
Compiling module xil_defaultlib.glbl
Built simulation snapshot register_file_test_behav
INFO: [USF-XSim-69] 'elaborate' step finished in '2' seconds
Vivado Simulator 2019.1
Time resolution is 1 ps
$finish called at time : 100 ns : File "C:/Users/Lucifer.dark/Desktop/Lab02/Lab02.srcs/sim_1/new/register_file_test.v" Line 76
relaunch_sim: Time (s): cpu = 00:00:01 ; elapsed = 00:00:06 . Memory (MB): peak = 1119.133 ; gain = 0.000
close_sim
INFO: [Simtcl 6-16] Simulation closed
set_property top RAM0_test [get_filesets sim_1]
set_property top_lib xil_defaultlib [get_filesets sim_1]
update_compile_order -fileset sim_1
launch_simulation
INFO: [Vivado 12-5698] Checking validity of IPs in the design for the 'XSim' simulator...
INFO: [Vivado 12-5682] Launching behavioral simulation in 'C:/Users/Lucifer.dark/Desktop/Lab02/Lab02.sim/sim_1/behav/xsim'
INFO: [Vivado 12-4795] Using compiled simulation libraries for IPs
INFO: [SIM-utils-51] Simulation object is 'sim_1'
INFO: [USF-XSim-7] Finding pre-compiled libraries...
INFO: [USF-XSim-11] File 'C:/Xilinx/Vivado/2019.1/data/xsim/xsim.ini' copied to run dir:'C:/Users/Lucifer.dark/Desktop/Lab02/Lab02.sim/sim_1/behav/xsim'
INFO: [SIM-utils-54] Inspecting design source files for 'RAM0_test' in fileset 'sim_1'...
INFO: [USF-XSim-97] Finding global include files...
INFO: [USF-XSim-98] Fetching design files from 'sim_1'...
INFO: [USF-XSim-2] XSim::Compile design
INFO: [USF-XSim-61] Executing 'COMPILE and ANALYZE' step in 'C:/Users/Lucifer.dark/Desktop/Lab02/Lab02.sim/sim_1/behav/xsim'
"xvlog --incr --relax -prj RAM0_test_vlog.prj"
INFO: [USF-XSim-69] 'compile' step finished in '1' seconds
INFO: [USF-XSim-3] XSim::Elaborate design
INFO: [USF-XSim-61] Executing 'ELABORATE' step in 'C:/Users/Lucifer.dark/Desktop/Lab02/Lab02.sim/sim_1/behav/xsim'
"xelab -wto c3a63cae0b1046ab873cb8969bb7022d --incr --debug typical --relax --mt 2 -L dist_mem_gen_v8_0_13 -L xil_defaultlib -L unisims_ver -L unimacro_ver -L secureip -L xpm --snapshot RAM0_test_behav xil_defaultlib.RAM0_test xil_defaultlib.glbl -log elaborate.log"
Vivado Simulator 2019.1
Copyright 1986-1999, 2001-2019 Xilinx, Inc. All Rights Reserved.
Running: C:/Xilinx/Vivado/2019.1/bin/unwrapped/win64.o/xelab.exe -wto c3a63cae0b1046ab873cb8969bb7022d --incr --debug typical --relax --mt 2 -L dist_mem_gen_v8_0_13 -L xil_defaultlib -L unisims_ver -L unimacro_ver -L secureip -L xpm --snapshot RAM0_test_behav xil_defaultlib.RAM0_test xil_defaultlib.glbl -log elaborate.log 
Using 2 slave threads.
Starting static elaboration
Completed static elaboration
INFO: [XSIM 43-4323] No Change in HDL. Linking previously generated obj files to create kernel
INFO: [USF-XSim-69] 'elaborate' step finished in '1' seconds
INFO: [USF-XSim-4] XSim::Simulate design
INFO: [USF-XSim-61] Executing 'SIMULATE' step in 'C:/Users/Lucifer.dark/Desktop/Lab02/Lab02.sim/sim_1/behav/xsim'
INFO: [USF-XSim-98] *** Running xsim
   with args "RAM0_test_behav -key {Behavioral:sim_1:Functional:RAM0_test} -tclbatch {RAM0_test.tcl} -log {simulate.log}"
INFO: [USF-XSim-8] Loading simulator feature
Vivado Simulator 2019.1
Time resolution is 1 ps
source RAM0_test.tcl
# set curr_wave [current_wave_config]
# if { [string length $curr_wave] == 0 } {
#   if { [llength [get_objects]] > 0} {
#     add_wave /
#     set_property needs_save false [current_wave_config]
#   } else {
#      send_msg_id Add_Wave-1 WARNING "No top level signals found. Simulator will start without a wave window. If you want to open a wave window go to 'File->New Waveform Configuration' or type 'create_wave_config' in the TCL console."
#   }
# }
# run 1000ns
WARNING: This core is supplied with a behavioral model. To model cycle-accurate behavior you must run timing simulation.
$finish called at time : 125 ns : File "C:/Users/Lucifer.dark/Desktop/Lab02/Lab02.srcs/sim_1/new/RAM0_test.v" Line 62
INFO: [USF-XSim-96] XSim completed. Design snapshot 'RAM0_test_behav' loaded.
INFO: [USF-XSim-97] XSim simulation ran for 1000ns
launch_simulation: Time (s): cpu = 00:00:03 ; elapsed = 00:00:05 . Memory (MB): peak = 1119.133 ; gain = 0.000
close_sim
INFO: [Simtcl 6-16] Simulation closed
close_sim: Time (s): cpu = 00:00:01 ; elapsed = 00:00:12 . Memory (MB): peak = 1119.133 ; gain = 0.000
set_property top RAM1_test [get_filesets sim_1]
set_property top_lib xil_defaultlib [get_filesets sim_1]
update_compile_order -fileset sim_1
launch_simulation
INFO: [Vivado 12-5698] Checking validity of IPs in the design for the 'XSim' simulator...
INFO: [Vivado 12-5682] Launching behavioral simulation in 'C:/Users/Lucifer.dark/Desktop/Lab02/Lab02.sim/sim_1/behav/xsim'
INFO: [Vivado 12-4795] Using compiled simulation libraries for IPs
INFO: [SIM-utils-51] Simulation object is 'sim_1'
INFO: [USF-XSim-7] Finding pre-compiled libraries...
INFO: [USF-XSim-11] File 'C:/Xilinx/Vivado/2019.1/data/xsim/xsim.ini' copied to run dir:'C:/Users/Lucifer.dark/Desktop/Lab02/Lab02.sim/sim_1/behav/xsim'
INFO: [SIM-utils-54] Inspecting design source files for 'RAM1_test' in fileset 'sim_1'...
INFO: [USF-XSim-97] Finding global include files...
INFO: [USF-XSim-98] Fetching design files from 'sim_1'...
INFO: [USF-XSim-2] XSim::Compile design
INFO: [USF-XSim-61] Executing 'COMPILE and ANALYZE' step in 'C:/Users/Lucifer.dark/Desktop/Lab02/Lab02.sim/sim_1/behav/xsim'
"xvlog --incr --relax -prj RAM1_test_vlog.prj"
INFO: [USF-XSim-69] 'compile' step finished in '1' seconds
INFO: [USF-XSim-3] XSim::Elaborate design
INFO: [USF-XSim-61] Executing 'ELABORATE' step in 'C:/Users/Lucifer.dark/Desktop/Lab02/Lab02.sim/sim_1/behav/xsim'
"xelab -wto c3a63cae0b1046ab873cb8969bb7022d --incr --debug typical --relax --mt 2 -L blk_mem_gen_v8_4_3 -L xil_defaultlib -L unisims_ver -L unimacro_ver -L secureip -L xpm --snapshot RAM1_test_behav xil_defaultlib.RAM1_test xil_defaultlib.glbl -log elaborate.log"
Vivado Simulator 2019.1
Copyright 1986-1999, 2001-2019 Xilinx, Inc. All Rights Reserved.
Running: C:/Xilinx/Vivado/2019.1/bin/unwrapped/win64.o/xelab.exe -wto c3a63cae0b1046ab873cb8969bb7022d --incr --debug typical --relax --mt 2 -L blk_mem_gen_v8_4_3 -L xil_defaultlib -L unisims_ver -L unimacro_ver -L secureip -L xpm --snapshot RAM1_test_behav xil_defaultlib.RAM1_test xil_defaultlib.glbl -log elaborate.log 
Using 2 slave threads.
Starting static elaboration
Completed static elaboration
Starting simulation data flow analysis
Completed simulation data flow analysis
Time Resolution for simulation is 1ps
Compiling module blk_mem_gen_v8_4_3.blk_mem_gen_v8_4_3_output_stage(...
Compiling module blk_mem_gen_v8_4_3.blk_mem_gen_v8_4_3_output_stage(...
Compiling module blk_mem_gen_v8_4_3.blk_mem_gen_v8_4_3_softecc_outpu...
Compiling module blk_mem_gen_v8_4_3.blk_mem_gen_v8_4_3_mem_module(C_...
Compiling module blk_mem_gen_v8_4_3.blk_mem_gen_v8_4_3(C_FAMILY="art...
Compiling module xil_defaultlib.RAM1
Compiling module xil_defaultlib.RAM1_test
Compiling module xil_defaultlib.glbl
Built simulation snapshot RAM1_test_behav

****** Webtalk v2019.1 (64-bit)
  **** SW Build 2552052 on Fri May 24 14:49:42 MDT 2019
  **** IP Build 2548770 on Fri May 24 18:01:18 MDT 2019
    ** Copyright 1986-2019 Xilinx, Inc. All Rights Reserved.

source C:/Users/Lucifer.dark/Desktop/Lab02/Lab02.sim/sim_1/behav/xsim/xsim.dir/RAM1_test_behav/webtalk/xsim_webtalk.tcl -notrace
webtalk_transmit: Time (s): cpu = 00:00:00 ; elapsed = 00:00:09 . Memory (MB): peak = 109.594 ; gain = 23.426
INFO: [Common 17-206] Exiting Webtalk at Wed May  6 15:06:57 2020...
run_program: Time (s): cpu = 00:00:00 ; elapsed = 00:00:12 . Memory (MB): peak = 1119.133 ; gain = 0.000
INFO: [USF-XSim-69] 'elaborate' step finished in '12' seconds
INFO: [USF-XSim-4] XSim::Simulate design
INFO: [USF-XSim-61] Executing 'SIMULATE' step in 'C:/Users/Lucifer.dark/Desktop/Lab02/Lab02.sim/sim_1/behav/xsim'
INFO: [USF-XSim-98] *** Running xsim
   with args "RAM1_test_behav -key {Behavioral:sim_1:Functional:RAM1_test} -tclbatch {RAM1_test.tcl} -log {simulate.log}"
INFO: [USF-XSim-8] Loading simulator feature
Vivado Simulator 2019.1
Time resolution is 1 ps
source RAM1_test.tcl
# set curr_wave [current_wave_config]
# if { [string length $curr_wave] == 0 } {
#   if { [llength [get_objects]] > 0} {
#     add_wave /
#     set_property needs_save false [current_wave_config]
#   } else {
#      send_msg_id Add_Wave-1 WARNING "No top level signals found. Simulator will start without a wave window. If you want to open a wave window go to 'File->New Waveform Configuration' or type 'create_wave_config' in the TCL console."
#   }
# }
# run 1000ns
 Block Memory Generator module loading initial data...
 Block Memory Generator data initialization complete.
Block Memory Generator module RAM1_test.ram1.inst.native_mem_module.blk_mem_gen_v8_4_3_inst is using a behavioral model for simulation which will not precisely model memory collision behavior.
$finish called at time : 145 ns : File "C:/Users/Lucifer.dark/Desktop/Lab02/Lab02.srcs/sim_1/new/RAM1_test.v" Line 72
INFO: [USF-XSim-96] XSim completed. Design snapshot 'RAM1_test_behav' loaded.
INFO: [USF-XSim-97] XSim simulation ran for 1000ns
launch_simulation: Time (s): cpu = 00:00:04 ; elapsed = 00:00:16 . Memory (MB): peak = 1119.133 ; gain = 0.000
close_sim
INFO: [Simtcl 6-16] Simulation closed
close_sim: Time (s): cpu = 00:00:01 ; elapsed = 00:00:09 . Memory (MB): peak = 1119.133 ; gain = 0.000
set_property top FIFO_test [get_filesets sim_1]
set_property top_lib xil_defaultlib [get_filesets sim_1]
update_compile_order -fileset sim_1
ERROR: [Common 17-180] Spawn failed: No error
ERROR: [Common 17-180] Spawn failed: No error
update_compile_order -fileset sim_1
update_compile_order -fileset sim_1
launch_simulation
INFO: [Vivado 12-5698] Checking validity of IPs in the design for the 'XSim' simulator...
INFO: [Vivado 12-5682] Launching behavioral simulation in 'C:/Users/Lucifer.dark/Desktop/Lab02/Lab02.sim/sim_1/behav/xsim'
INFO: [Vivado 12-4795] Using compiled simulation libraries for IPs
INFO: [SIM-utils-51] Simulation object is 'sim_1'
INFO: [USF-XSim-7] Finding pre-compiled libraries...
INFO: [USF-XSim-11] File 'C:/Xilinx/Vivado/2019.1/data/xsim/xsim.ini' copied to run dir:'C:/Users/Lucifer.dark/Desktop/Lab02/Lab02.sim/sim_1/behav/xsim'
INFO: [SIM-utils-54] Inspecting design source files for 'FIFO_test' in fileset 'sim_1'...
INFO: [USF-XSim-97] Finding global include files...
INFO: [USF-XSim-98] Fetching design files from 'sim_1'...
INFO: [USF-XSim-2] XSim::Compile design
INFO: [USF-XSim-61] Executing 'COMPILE and ANALYZE' step in 'C:/Users/Lucifer.dark/Desktop/Lab02/Lab02.sim/sim_1/behav/xsim'
"xvlog --incr --relax -prj FIFO_test_vlog.prj"
INFO: [USF-XSim-69] 'compile' step finished in '1' seconds
INFO: [USF-XSim-3] XSim::Elaborate design
INFO: [USF-XSim-61] Executing 'ELABORATE' step in 'C:/Users/Lucifer.dark/Desktop/Lab02/Lab02.sim/sim_1/behav/xsim'
"xelab -wto c3a63cae0b1046ab873cb8969bb7022d --incr --debug typical --relax --mt 2 -L blk_mem_gen_v8_4_3 -L xil_defaultlib -L unisims_ver -L unimacro_ver -L secureip -L xpm --snapshot FIFO_test_behav xil_defaultlib.FIFO_test xil_defaultlib.glbl -log elaborate.log"
Vivado Simulator 2019.1
Copyright 1986-1999, 2001-2019 Xilinx, Inc. All Rights Reserved.
Running: C:/Xilinx/Vivado/2019.1/bin/unwrapped/win64.o/xelab.exe -wto c3a63cae0b1046ab873cb8969bb7022d --incr --debug typical --relax --mt 2 -L blk_mem_gen_v8_4_3 -L xil_defaultlib -L unisims_ver -L unimacro_ver -L secureip -L xpm --snapshot FIFO_test_behav xil_defaultlib.FIFO_test xil_defaultlib.glbl -log elaborate.log 
Using 2 slave threads.
Starting static elaboration
Completed static elaboration
INFO: [XSIM 43-4323] No Change in HDL. Linking previously generated obj files to create kernel
INFO: [USF-XSim-69] 'elaborate' step finished in '1' seconds
INFO: [USF-XSim-4] XSim::Simulate design
INFO: [USF-XSim-61] Executing 'SIMULATE' step in 'C:/Users/Lucifer.dark/Desktop/Lab02/Lab02.sim/sim_1/behav/xsim'
INFO: [USF-XSim-98] *** Running xsim
   with args "FIFO_test_behav -key {Behavioral:sim_1:Functional:FIFO_test} -tclbatch {FIFO_test.tcl} -log {simulate.log}"
INFO: [USF-XSim-8] Loading simulator feature
Vivado Simulator 2019.1
Time resolution is 1 ps
source FIFO_test.tcl
# set curr_wave [current_wave_config]
# if { [string length $curr_wave] == 0 } {
#   if { [llength [get_objects]] > 0} {
#     add_wave /
#     set_property needs_save false [current_wave_config]
#   } else {
#      send_msg_id Add_Wave-1 WARNING "No top level signals found. Simulator will start without a wave window. If you want to open a wave window go to 'File->New Waveform Configuration' or type 'create_wave_config' in the TCL console."
#   }
# }
# run 1000ns
 Block Memory Generator module loading initial data...
 Block Memory Generator data initialization complete.
Block Memory Generator module FIFO_test.fifo.ram.inst.native_mem_module.blk_mem_gen_v8_4_3_inst is using a behavioral model for simulation which will not precisely model memory collision behavior.
INFO: [USF-XSim-96] XSim completed. Design snapshot 'FIFO_test_behav' loaded.
INFO: [USF-XSim-97] XSim simulation ran for 1000ns
launch_simulation: Time (s): cpu = 00:00:02 ; elapsed = 00:00:05 . Memory (MB): peak = 1119.133 ; gain = 0.000
run all
$finish called at time : 1535 ns : File "C:/Users/Lucifer.dark/Desktop/Lab02/Lab02.srcs/sim_1/new/FIFO_test.v" Line 179
current_wave_config {Untitled 5}
Untitled 5
add_wave {{/FIFO_test/fifo/addr}} 
current_wave_config {Untitled 5}
Untitled 5
add_wave {{/FIFO_test/fifo/head}} 
current_wave_config {Untitled 5}
Untitled 5
add_wave {{/FIFO_test/fifo/tail}} 
current_wave_config {Untitled 5}
Untitled 5
add_wave {{/FIFO_test/fifo/in}} 
current_wave_config {Untitled 5}
Untitled 5
add_wave {{/FIFO_test/fifo/out}} 
relaunch_sim
suspend_sim: Time (s): cpu = 00:00:01 ; elapsed = 00:00:09 . Memory (MB): peak = 1119.133 ; gain = 0.000
INFO: [Vivado 12-5698] Checking validity of IPs in the design for the 'XSim' simulator...
INFO: [Vivado 12-5682] Launching behavioral simulation in 'C:/Users/Lucifer.dark/Desktop/Lab02/Lab02.sim/sim_1/behav/xsim'
INFO: [Vivado 12-4795] Using compiled simulation libraries for IPs
INFO: [SIM-utils-51] Simulation object is 'sim_1'
INFO: [USF-XSim-7] Finding pre-compiled libraries...
INFO: [USF-XSim-11] File 'C:/Xilinx/Vivado/2019.1/data/xsim/xsim.ini' copied to run dir:'C:/Users/Lucifer.dark/Desktop/Lab02/Lab02.sim/sim_1/behav/xsim'
INFO: [SIM-utils-54] Inspecting design source files for 'FIFO_test' in fileset 'sim_1'...
INFO: [USF-XSim-97] Finding global include files...
INFO: [USF-XSim-98] Fetching design files from 'sim_1'...
INFO: [USF-XSim-2] XSim::Compile design
INFO: [USF-XSim-61] Executing 'COMPILE and ANALYZE' step in 'C:/Users/Lucifer.dark/Desktop/Lab02/Lab02.sim/sim_1/behav/xsim'
"xvlog --incr --relax -prj FIFO_test_vlog.prj"
INFO: [USF-XSim-69] 'compile' step finished in '2' seconds
INFO: [Vivado 12-5698] Checking validity of IPs in the design for the 'XSim' simulator...
INFO: [Vivado 12-5682] Launching behavioral simulation in 'C:/Users/Lucifer.dark/Desktop/Lab02/Lab02.sim/sim_1/behav/xsim'
INFO: [Vivado 12-4795] Using compiled simulation libraries for IPs
INFO: [USF-XSim-3] XSim::Elaborate design
INFO: [USF-XSim-61] Executing 'ELABORATE' step in 'C:/Users/Lucifer.dark/Desktop/Lab02/Lab02.sim/sim_1/behav/xsim'
"xelab -wto c3a63cae0b1046ab873cb8969bb7022d --incr --debug typical --relax --mt 2 -L blk_mem_gen_v8_4_3 -L xil_defaultlib -L unisims_ver -L unimacro_ver -L secureip -L xpm --snapshot FIFO_test_behav xil_defaultlib.FIFO_test xil_defaultlib.glbl -log elaborate.log"
Vivado Simulator 2019.1
Copyright 1986-1999, 2001-2019 Xilinx, Inc. All Rights Reserved.
Running: C:/Xilinx/Vivado/2019.1/bin/unwrapped/win64.o/xelab.exe -wto c3a63cae0b1046ab873cb8969bb7022d --incr --debug typical --relax --mt 2 -L blk_mem_gen_v8_4_3 -L xil_defaultlib -L unisims_ver -L unimacro_ver -L secureip -L xpm --snapshot FIFO_test_behav xil_defaultlib.FIFO_test xil_defaultlib.glbl -log elaborate.log 
Using 2 slave threads.
Starting static elaboration
Completed static elaboration
INFO: [XSIM 43-4323] No Change in HDL. Linking previously generated obj files to create kernel
INFO: [USF-XSim-69] 'elaborate' step finished in '1' seconds
Vivado Simulator 2019.1
Time resolution is 1 ps
 Block Memory Generator module loading initial data...
 Block Memory Generator data initialization complete.
Block Memory Generator module FIFO_test.fifo.ram.inst.native_mem_module.blk_mem_gen_v8_4_3_inst is using a behavioral model for simulation which will not precisely model memory collision behavior.
relaunch_sim: Time (s): cpu = 00:00:02 ; elapsed = 00:00:14 . Memory (MB): peak = 1119.133 ; gain = 0.000
run all
$finish called at time : 1535 ns : File "C:/Users/Lucifer.dark/Desktop/Lab02/Lab02.srcs/sim_1/new/FIFO_test.v" Line 179
close_sim
INFO: [Simtcl 6-16] Simulation closed
exit
INFO: [Common 17-206] Exiting Vivado at Wed May  6 15:20:35 2020...
